2024-12-07 20:32:27,664 - INFO - Connecting to 149.154.167.51:443/TcpFull...
2024-12-07 20:32:27,733 - INFO - Connection to 149.154.167.51:443/TcpFull complete!
2024-12-07 20:32:28,534 - INFO - Uploading file of 83338 bytes in 1 chunks of 131072
2024-12-07 20:32:29,186 - INFO - Uploading file of 126730 bytes in 1 chunks of 131072
2024-12-07 20:32:29,775 - INFO - Uploading file of 95692 bytes in 1 chunks of 131072
2024-12-07 20:32:29,985 - INFO - Got difference for account updates
2024-12-07 20:32:30,224 - INFO - Uploading file of 37710 bytes in 1 chunks of 131072
2024-12-07 20:32:30,619 - INFO - Uploading file of 87280 bytes in 1 chunks of 131072
2024-12-07 20:32:31,104 - INFO - Got difference for account updates
2024-12-07 20:32:31,108 - INFO - Uploading file of 187462 bytes in 2 chunks of 131072
2024-12-07 20:32:31,887 - INFO - Uploading file of 356460 bytes in 3 chunks of 131072
2024-12-07 20:32:32,346 - INFO - Got difference for account updates
2024-12-07 20:32:32,958 - INFO - Uploading file of 186148 bytes in 2 chunks of 131072
2024-12-07 20:32:33,913 - INFO - Uploading file of 104116 bytes in 1 chunks of 131072
2024-12-07 20:32:34,721 - INFO - Got difference for account updates
2024-12-07 20:32:34,729 - INFO - Uploading file of 189462 bytes in 2 chunks of 131072
2024-12-07 20:32:35,611 - INFO - Uploading file of 312926 bytes in 3 chunks of 131072
2024-12-07 20:32:36,067 - INFO - Got difference for account updates
2024-12-07 20:32:36,682 - INFO - Uploading file of 139418 bytes in 2 chunks of 131072
2024-12-07 20:32:37,884 - INFO - Uploading file of 99672 bytes in 1 chunks of 131072
2024-12-07 20:32:38,218 - INFO - Got difference for account updates
2024-12-07 20:32:38,632 - INFO - Uploading file of 68736 bytes in 1 chunks of 131072
2024-12-07 20:32:39,278 - INFO - Uploading file of 117800 bytes in 1 chunks of 131072
2024-12-07 20:32:39,570 - INFO - Got difference for account updates
2024-12-07 20:32:39,846 - INFO - Uploading file of 155124 bytes in 2 chunks of 131072
2024-12-07 20:32:40,632 - INFO - Uploading file of 112876 bytes in 1 chunks of 131072
2024-12-07 20:32:40,867 - INFO - Got difference for account updates
2024-12-07 20:32:41,105 - INFO - Uploading file of 139804 bytes in 2 chunks of 131072
2024-12-07 20:32:41,769 - INFO - Uploading file of 72802 bytes in 1 chunks of 131072
2024-12-07 20:32:42,013 - INFO - Got difference for account updates
2024-12-07 20:32:42,264 - INFO - Uploading file of 96554 bytes in 1 chunks of 131072
2024-12-07 20:32:42,777 - INFO - Uploading file of 45134 bytes in 1 chunks of 131072
2024-12-07 20:32:42,961 - INFO - Got difference for account updates
2024-12-07 20:32:43,171 - INFO - Uploading file of 118568 bytes in 1 chunks of 131072
2024-12-07 20:32:43,837 - INFO - Uploading file of 104494 bytes in 1 chunks of 131072
2024-12-07 20:32:44,201 - INFO - Got difference for account updates
2024-12-07 20:32:44,469 - INFO - Uploading file of 283246 bytes in 3 chunks of 131072
2024-12-07 20:32:45,395 - INFO - Uploading file of 62102 bytes in 1 chunks of 131072
2024-12-07 20:32:45,677 - INFO - Got difference for account updates
2024-12-07 20:32:45,805 - INFO - Disconnecting from 149.154.167.51:443/TcpFull...
2024-12-07 20:32:45,805 - INFO - Disconnection from 149.154.167.51:443/TcpFull complete!
2024-12-07 20:34:53,864 - INFO - Connecting to 149.154.167.51:443/TcpFull...
2024-12-07 20:34:53,942 - INFO - Connection to 149.154.167.51:443/TcpFull complete!
2024-12-07 20:34:54,449 - INFO - Отправка файла: SS_WEB_SET_GALLERY_10_2000x.webp в топик 4342...
2024-12-07 20:34:54,451 - INFO - Uploading file of 83338 bytes in 1 chunks of 131072
2024-12-07 20:34:55,161 - INFO - Файл SS_WEB_SET_GALLERY_10_2000x.webp успешно отправлен в топик 4342.
2024-12-07 20:34:55,163 - INFO - Отправка файла: SS_WEB_SET_GALLERY_11_2000x.webp в топик 4342...
2024-12-07 20:34:55,163 - INFO - Uploading file of 126730 bytes in 1 chunks of 131072
2024-12-07 20:34:56,242 - INFO - Файл SS_WEB_SET_GALLERY_11_2000x.webp успешно отправлен в топик 4342.
2024-12-07 20:34:56,243 - INFO - Отправка файла: SS_WEB_SET_GALLERY_12_2000x.webp в топик 4342...
2024-12-07 20:34:56,244 - INFO - Uploading file of 95692 bytes in 1 chunks of 131072
2024-12-07 20:34:56,474 - INFO - Got difference for account updates
2024-12-07 20:34:56,730 - INFO - Файл SS_WEB_SET_GALLERY_12_2000x.webp успешно отправлен в топик 4342.
2024-12-07 20:34:56,730 - INFO - Отправка файла: SS_WEB_SET_GALLERY_13_2000x.webp в топик 4342...
2024-12-07 20:34:56,730 - INFO - Uploading file of 37710 bytes in 1 chunks of 131072
2024-12-07 20:34:57,163 - INFO - Файл SS_WEB_SET_GALLERY_13_2000x.webp успешно отправлен в топик 4342.
2024-12-07 20:34:57,164 - INFO - Отправка файла: SS_WEB_SET_GALLERY_14_2000x.webp в топик 4342...
2024-12-07 20:34:57,164 - INFO - Uploading file of 87280 bytes in 1 chunks of 131072
2024-12-07 20:34:57,398 - INFO - Got difference for account updates
2024-12-07 20:34:57,647 - INFO - Файл SS_WEB_SET_GALLERY_14_2000x.webp успешно отправлен в топик 4342.
2024-12-07 20:34:57,647 - INFO - Отправка файла: SS_WEB_SET_GALLERY_15_2000x.webp в топик 4342...
2024-12-07 20:34:57,648 - INFO - Uploading file of 187462 bytes in 2 chunks of 131072
2024-12-07 20:34:58,385 - INFO - Файл SS_WEB_SET_GALLERY_15_2000x.webp успешно отправлен в топик 4342.
2024-12-07 20:34:58,386 - INFO - Отправка файла: SS_WEB_SET_GALLERY_16_2000x.webp в топик 4342...
2024-12-07 20:34:58,386 - INFO - Uploading file of 356460 bytes in 3 chunks of 131072
2024-12-07 20:34:58,844 - INFO - Got difference for account updates
2024-12-07 20:34:59,669 - INFO - Файл SS_WEB_SET_GALLERY_16_2000x.webp успешно отправлен в топик 4342.
2024-12-07 20:34:59,669 - INFO - Отправка файла: SS_WEB_SET_GALLERY_17_2000x.webp в топик 4342...
2024-12-07 20:34:59,670 - INFO - Uploading file of 186148 bytes in 2 chunks of 131072
2024-12-07 20:35:00,407 - INFO - Файл SS_WEB_SET_GALLERY_17_2000x.webp успешно отправлен в топик 4342.
2024-12-07 20:35:00,408 - INFO - Отправка файла: SS_WEB_SET_GALLERY_18_2000x.webp в топик 4342...
2024-12-07 20:35:00,409 - INFO - Uploading file of 104116 bytes in 1 chunks of 131072
2024-12-07 20:35:00,681 - INFO - Got difference for account updates
2024-12-07 20:35:00,923 - INFO - Файл SS_WEB_SET_GALLERY_18_2000x.webp успешно отправлен в топик 4342.
2024-12-07 20:35:00,924 - INFO - Отправка файла: SS_WEB_SET_GALLERY_19_2000x.webp в топик 4342...
2024-12-07 20:35:00,924 - INFO - Uploading file of 189462 bytes in 2 chunks of 131072
2024-12-07 20:35:01,689 - INFO - Файл SS_WEB_SET_GALLERY_19_2000x.webp успешно отправлен в топик 4342.
2024-12-07 20:35:01,690 - INFO - Отправка файла: SS_WEB_SET_GALLERY_1_2000x.webp в топик 4342...
2024-12-07 20:35:01,691 - INFO - Uploading file of 312926 bytes in 3 chunks of 131072
2024-12-07 20:35:02,132 - INFO - Got difference for account updates
2024-12-07 20:35:02,750 - INFO - Файл SS_WEB_SET_GALLERY_1_2000x.webp успешно отправлен в топик 4342.
2024-12-07 20:35:02,750 - INFO - Отправка файла: SS_WEB_SET_GALLERY_20_2000x.webp в топик 4342...
2024-12-07 20:35:02,752 - INFO - Uploading file of 139418 bytes in 2 chunks of 131072
2024-12-07 20:35:03,754 - INFO - Файл SS_WEB_SET_GALLERY_20_2000x.webp успешно отправлен в топик 4342.
2024-12-07 20:35:03,754 - INFO - Отправка файла: SS_WEB_SET_GALLERY_22_1780x.webp в топик 4342...
2024-12-07 20:35:03,755 - INFO - Uploading file of 99672 bytes in 1 chunks of 131072
2024-12-07 20:35:04,168 - INFO - Got difference for account updates
2024-12-07 20:35:04,482 - INFO - Файл SS_WEB_SET_GALLERY_22_1780x.webp успешно отправлен в топик 4342.
2024-12-07 20:35:04,483 - INFO - Отправка файла: SS_WEB_SET_GALLERY_23_2000x.webp в топик 4342...
2024-12-07 20:35:04,484 - INFO - Uploading file of 68736 bytes in 1 chunks of 131072
2024-12-07 20:35:04,984 - INFO - Файл SS_WEB_SET_GALLERY_23_2000x.webp успешно отправлен в топик 4342.
2024-12-07 20:35:04,985 - INFO - Отправка файла: SS_WEB_SET_GALLERY_24_2000x.webp в топик 4342...
2024-12-07 20:35:04,986 - INFO - Uploading file of 117800 bytes in 1 chunks of 131072
2024-12-07 20:35:05,320 - INFO - Got difference for account updates
2024-12-07 20:35:05,679 - INFO - Файл SS_WEB_SET_GALLERY_24_2000x.webp успешно отправлен в топик 4342.
2024-12-07 20:35:05,680 - INFO - Отправка файла: SS_WEB_SET_GALLERY_25_2000x.webp в топик 4342...
2024-12-07 20:35:05,680 - INFO - Uploading file of 155124 bytes in 2 chunks of 131072
2024-12-07 20:35:06,523 - INFO - Файл SS_WEB_SET_GALLERY_25_2000x.webp успешно отправлен в топик 4342.
2024-12-07 20:35:06,524 - INFO - Отправка файла: SS_WEB_SET_GALLERY_26_2000x.webp в топик 4342...
2024-12-07 20:35:06,525 - INFO - Uploading file of 112876 bytes in 1 chunks of 131072
2024-12-07 20:35:06,851 - INFO - Got difference for account updates
2024-12-07 20:35:07,180 - INFO - Файл SS_WEB_SET_GALLERY_26_2000x.webp успешно отправлен в топик 4342.
2024-12-07 20:35:07,181 - INFO - Отправка файла: SS_WEB_SET_GALLERY_2_2000x.webp в топик 4342...
2024-12-07 20:35:07,182 - INFO - Uploading file of 139804 bytes in 2 chunks of 131072
2024-12-07 20:35:08,021 - INFO - Файл SS_WEB_SET_GALLERY_2_2000x.webp успешно отправлен в топик 4342.
2024-12-07 20:35:08,022 - INFO - Отправка файла: SS_WEB_SET_GALLERY_3_2000x.webp в топик 4342...
2024-12-07 20:35:08,023 - INFO - Uploading file of 72802 bytes in 1 chunks of 131072
2024-12-07 20:35:08,402 - INFO - Got difference for account updates
2024-12-07 20:35:08,549 - INFO - Файл SS_WEB_SET_GALLERY_3_2000x.webp успешно отправлен в топик 4342.
2024-12-07 20:35:08,550 - INFO - Отправка файла: SS_WEB_SET_GALLERY_4_2000x.webp в топик 4342...
2024-12-07 20:35:08,551 - INFO - Uploading file of 96554 bytes in 1 chunks of 131072
2024-12-07 20:35:09,166 - INFO - Файл SS_WEB_SET_GALLERY_4_2000x.webp успешно отправлен в топик 4342.
2024-12-07 20:35:09,167 - INFO - Отправка файла: SS_WEB_SET_GALLERY_5_2000x.webp в топик 4342...
2024-12-07 20:35:09,168 - INFO - Uploading file of 45134 bytes in 1 chunks of 131072
2024-12-07 20:35:09,477 - INFO - Got difference for account updates
2024-12-07 20:35:09,763 - INFO - Файл SS_WEB_SET_GALLERY_5_2000x.webp успешно отправлен в топик 4342.
2024-12-07 20:35:09,764 - INFO - Отправка файла: SS_WEB_SET_GALLERY_6_2000x.webp в топик 4342...
2024-12-07 20:35:09,764 - INFO - Uploading file of 118568 bytes in 1 chunks of 131072
2024-12-07 20:35:10,467 - INFO - Файл SS_WEB_SET_GALLERY_6_2000x.webp успешно отправлен в топик 4342.
2024-12-07 20:35:10,467 - INFO - Отправка файла: SS_WEB_SET_GALLERY_7_2000x.webp в топик 4342...
2024-12-07 20:35:10,467 - INFO - Uploading file of 104494 bytes in 1 chunks of 131072
2024-12-07 20:35:10,772 - INFO - Got difference for account updates
2024-12-07 20:35:11,064 - INFO - Файл SS_WEB_SET_GALLERY_7_2000x.webp успешно отправлен в топик 4342.
2024-12-07 20:35:11,064 - INFO - Отправка файла: SS_WEB_SET_GALLERY_8_2000x.webp в топик 4342...
2024-12-07 20:35:11,064 - INFO - Uploading file of 283246 bytes in 3 chunks of 131072
2024-12-07 20:35:12,021 - INFO - Файл SS_WEB_SET_GALLERY_8_2000x.webp успешно отправлен в топик 4342.
2024-12-07 20:35:12,022 - INFO - Отправка файла: SS_WEB_SET_GALLERY_9_2000x.webp в топик 4342...
2024-12-07 20:35:12,024 - INFO - Uploading file of 62102 bytes in 1 chunks of 131072
2024-12-07 20:35:12,283 - INFO - Got difference for account updates
2024-12-07 20:35:12,575 - INFO - Файл SS_WEB_SET_GALLERY_9_2000x.webp успешно отправлен в топик 4342.
2024-12-07 20:35:12,576 - INFO - Disconnecting from 149.154.167.51:443/TcpFull...
2024-12-07 20:35:12,577 - INFO - Disconnection from 149.154.167.51:443/TcpFull complete!
