2024-12-08 02:56:46,715 - INFO - Инициализация клиента Telegram...
2024-12-08 02:56:46,715 - INFO - Connecting to 149.154.167.51:443/TcpFull...
2024-12-08 02:56:46,789 - INFO - Connection to 149.154.167.51:443/TcpFull complete!
2024-12-08 02:56:47,487 - INFO - Клиент Telegram успешно запущен.
2024-12-08 02:56:47,489 - INFO - Найдено 3 архивов и 0 изображений для загрузки.
2024-12-08 02:56:47,489 - INFO - Начинается загрузка архивов...
2024-12-08 02:56:47,491 - INFO - Отправка архивы: Bed with a soft headboard 7 - Copy (2).zip в топик 4342...
2024-12-08 02:56:47,501 - INFO - Uploading file of 128671438 bytes in 491 chunks of 262144
2024-12-08 02:56:47,503 - INFO - Отправка архивы: Bed with a soft headboard 7 - Copy.zip в топик 4342...
2024-12-08 02:56:47,508 - INFO - Uploading file of 128671438 bytes in 491 chunks of 262144
2024-12-08 02:56:47,508 - INFO - Отправка архивы: Bed with a soft headboard 7.zip в топик 4342...
2024-12-08 02:56:47,508 - INFO - Uploading file of 128671438 bytes in 491 chunks of 262144
2024-12-08 02:57:40,818 - INFO - Файл Bed with a soft headboard 7.zip успешно отправлен в топик 4342. Время отправки: 53.31 секунд.
2024-12-08 02:57:40,870 - INFO - Файл Bed with a soft headboard 7 - Copy.zip успешно отправлен в топик 4342. Время отправки: 53.37 секунд.
2024-12-08 02:57:41,070 - INFO - Got difference for account updates
2024-12-08 02:57:41,154 - INFO - Файл Bed with a soft headboard 7 - Copy (2).zip успешно отправлен в топик 4342. Время отправки: 53.66 секунд.
2024-12-08 02:57:41,154 - INFO - Начинается загрузка изображений...
2024-12-08 02:57:41,154 - INFO - Все файлы успешно обработаны. Завершаем работу клиента Telegram...
2024-12-08 02:57:41,155 - INFO - Disconnecting from 149.154.167.51:443/TcpFull...
2024-12-08 02:57:41,155 - INFO - Disconnection from 149.154.167.51:443/TcpFull complete!
2024-12-08 02:57:41,174 - INFO - Клиент Telegram успешно отключен.
