2024-12-07 21:48:00,720 - INFO - Start creating a new auth key on DC2
2024-12-07 21:48:00,721 - INFO - Connecting...
2024-12-07 21:48:00,791 - INFO - Connected! Production DC2 - IPv4
2024-12-07 21:48:02,223 - INFO - Done auth key exchange: DhGenOk
2024-12-07 21:48:02,223 - INFO - Disconnected
2024-12-07 21:48:02,230 - INFO - Connecting...
2024-12-07 21:48:02,296 - INFO - Connected! Production DC2 - IPv4
2024-12-07 21:48:02,298 - INFO - NetworkTask started
2024-12-07 21:48:02,669 - INFO - Session initialized: Layer 158
2024-12-07 21:48:02,670 - INFO - Device: CPython 3.13.0 - Pyrogram 2.0.106
2024-12-07 21:48:02,671 - INFO - System: Windows 11 (en)
2024-12-07 21:48:02,671 - INFO - Session started
2024-12-07 21:48:02,676 - INFO - PingTask started
2024-12-07 21:48:34,329 - INFO - Started 32 HandlerTasks
2024-12-07 21:48:34,331 - INFO - Отправка файла: SS_WEB_SET_GALLERY_10_2000x.webp...
2024-12-07 21:48:34,332 - ERROR - Ошибка при отправке файла SS_WEB_SET_GALLERY_10_2000x.webp: name 'CHAT_ID' is not defined
2024-12-07 21:48:34,332 - INFO - Отправка файла: SS_WEB_SET_GALLERY_11_2000x.webp...
2024-12-07 21:48:34,333 - ERROR - Ошибка при отправке файла SS_WEB_SET_GALLERY_11_2000x.webp: name 'CHAT_ID' is not defined
2024-12-07 21:48:34,333 - INFO - Отправка файла: SS_WEB_SET_GALLERY_12_2000x.webp...
2024-12-07 21:48:34,333 - ERROR - Ошибка при отправке файла SS_WEB_SET_GALLERY_12_2000x.webp: name 'CHAT_ID' is not defined
2024-12-07 21:48:34,334 - INFO - Отправка файла: SS_WEB_SET_GALLERY_13_2000x.webp...
2024-12-07 21:48:34,334 - ERROR - Ошибка при отправке файла SS_WEB_SET_GALLERY_13_2000x.webp: name 'CHAT_ID' is not defined
2024-12-07 21:48:34,335 - INFO - Отправка файла: SS_WEB_SET_GALLERY_14_2000x.webp...
2024-12-07 21:48:34,335 - ERROR - Ошибка при отправке файла SS_WEB_SET_GALLERY_14_2000x.webp: name 'CHAT_ID' is not defined
2024-12-07 21:48:34,336 - INFO - Отправка файла: SS_WEB_SET_GALLERY_15_2000x.webp...
2024-12-07 21:48:34,336 - ERROR - Ошибка при отправке файла SS_WEB_SET_GALLERY_15_2000x.webp: name 'CHAT_ID' is not defined
2024-12-07 21:48:34,337 - INFO - Отправка файла: SS_WEB_SET_GALLERY_16_2000x.webp...
2024-12-07 21:48:34,337 - ERROR - Ошибка при отправке файла SS_WEB_SET_GALLERY_16_2000x.webp: name 'CHAT_ID' is not defined
2024-12-07 21:48:34,338 - INFO - Отправка файла: SS_WEB_SET_GALLERY_17_2000x.webp...
2024-12-07 21:48:34,338 - ERROR - Ошибка при отправке файла SS_WEB_SET_GALLERY_17_2000x.webp: name 'CHAT_ID' is not defined
2024-12-07 21:48:34,338 - INFO - Отправка файла: SS_WEB_SET_GALLERY_18_2000x.webp...
2024-12-07 21:48:34,339 - ERROR - Ошибка при отправке файла SS_WEB_SET_GALLERY_18_2000x.webp: name 'CHAT_ID' is not defined
2024-12-07 21:48:34,339 - INFO - Отправка файла: SS_WEB_SET_GALLERY_19_2000x.webp...
2024-12-07 21:48:34,339 - ERROR - Ошибка при отправке файла SS_WEB_SET_GALLERY_19_2000x.webp: name 'CHAT_ID' is not defined
2024-12-07 21:48:34,340 - INFO - Отправка файла: SS_WEB_SET_GALLERY_1_2000x.webp...
2024-12-07 21:48:34,340 - ERROR - Ошибка при отправке файла SS_WEB_SET_GALLERY_1_2000x.webp: name 'CHAT_ID' is not defined
2024-12-07 21:48:34,340 - INFO - Отправка файла: SS_WEB_SET_GALLERY_20_2000x.webp...
2024-12-07 21:48:34,340 - ERROR - Ошибка при отправке файла SS_WEB_SET_GALLERY_20_2000x.webp: name 'CHAT_ID' is not defined
2024-12-07 21:48:34,341 - INFO - Отправка файла: SS_WEB_SET_GALLERY_22_1780x.webp...
2024-12-07 21:48:34,341 - ERROR - Ошибка при отправке файла SS_WEB_SET_GALLERY_22_1780x.webp: name 'CHAT_ID' is not defined
2024-12-07 21:48:34,341 - INFO - Отправка файла: SS_WEB_SET_GALLERY_23_2000x.webp...
2024-12-07 21:48:34,341 - ERROR - Ошибка при отправке файла SS_WEB_SET_GALLERY_23_2000x.webp: name 'CHAT_ID' is not defined
2024-12-07 21:48:34,341 - INFO - Отправка файла: SS_WEB_SET_GALLERY_24_2000x.webp...
2024-12-07 21:48:34,342 - ERROR - Ошибка при отправке файла SS_WEB_SET_GALLERY_24_2000x.webp: name 'CHAT_ID' is not defined
2024-12-07 21:48:34,342 - INFO - Отправка файла: SS_WEB_SET_GALLERY_25_2000x.webp...
2024-12-07 21:48:34,342 - ERROR - Ошибка при отправке файла SS_WEB_SET_GALLERY_25_2000x.webp: name 'CHAT_ID' is not defined
2024-12-07 21:48:34,342 - INFO - Отправка файла: SS_WEB_SET_GALLERY_26_2000x.webp...
2024-12-07 21:48:34,342 - ERROR - Ошибка при отправке файла SS_WEB_SET_GALLERY_26_2000x.webp: name 'CHAT_ID' is not defined
2024-12-07 21:48:34,342 - INFO - Отправка файла: SS_WEB_SET_GALLERY_2_2000x.webp...
2024-12-07 21:48:34,342 - ERROR - Ошибка при отправке файла SS_WEB_SET_GALLERY_2_2000x.webp: name 'CHAT_ID' is not defined
2024-12-07 21:48:34,343 - INFO - Отправка файла: SS_WEB_SET_GALLERY_3_2000x.webp...
2024-12-07 21:48:34,343 - ERROR - Ошибка при отправке файла SS_WEB_SET_GALLERY_3_2000x.webp: name 'CHAT_ID' is not defined
2024-12-07 21:48:34,343 - INFO - Отправка файла: SS_WEB_SET_GALLERY_4_2000x.webp...
2024-12-07 21:48:34,343 - ERROR - Ошибка при отправке файла SS_WEB_SET_GALLERY_4_2000x.webp: name 'CHAT_ID' is not defined
2024-12-07 21:48:34,343 - INFO - Отправка файла: SS_WEB_SET_GALLERY_5_2000x.webp...
2024-12-07 21:48:34,343 - ERROR - Ошибка при отправке файла SS_WEB_SET_GALLERY_5_2000x.webp: name 'CHAT_ID' is not defined
2024-12-07 21:48:34,343 - INFO - Отправка файла: SS_WEB_SET_GALLERY_6_2000x.webp...
2024-12-07 21:48:34,343 - ERROR - Ошибка при отправке файла SS_WEB_SET_GALLERY_6_2000x.webp: name 'CHAT_ID' is not defined
2024-12-07 21:48:34,344 - INFO - Отправка файла: SS_WEB_SET_GALLERY_7_2000x.webp...
2024-12-07 21:48:34,344 - ERROR - Ошибка при отправке файла SS_WEB_SET_GALLERY_7_2000x.webp: name 'CHAT_ID' is not defined
2024-12-07 21:48:34,344 - INFO - Отправка файла: SS_WEB_SET_GALLERY_8_2000x.webp...
2024-12-07 21:48:34,344 - ERROR - Ошибка при отправке файла SS_WEB_SET_GALLERY_8_2000x.webp: name 'CHAT_ID' is not defined
2024-12-07 21:48:34,344 - INFO - Отправка файла: SS_WEB_SET_GALLERY_9_2000x.webp...
2024-12-07 21:48:34,344 - ERROR - Ошибка при отправке файла SS_WEB_SET_GALLERY_9_2000x.webp: name 'CHAT_ID' is not defined
2024-12-07 21:48:34,348 - INFO - Stopped 32 HandlerTasks
2024-12-07 21:48:34,348 - INFO - PingTask stopped
2024-12-07 21:48:34,348 - INFO - NetworkTask stopped
2024-12-07 21:48:34,349 - INFO - Disconnected
2024-12-07 21:48:34,349 - INFO - Session stopped
