2024-12-08 03:04:58,202 - INFO - Инициализация клиента Telegram...
2024-12-08 03:04:58,203 - INFO - Connecting to 149.154.167.51:443/TcpFull...
2024-12-08 03:04:58,269 - INFO - Connection to 149.154.167.51:443/TcpFull complete!
2024-12-08 03:04:58,672 - INFO - Клиент Telegram успешно запущен.
2024-12-08 03:04:58,674 - INFO - Найдено 20 архивов и 0 изображений для загрузки.
2024-12-08 03:04:58,674 - INFO - Начинается загрузка архивов...
2024-12-08 03:04:58,675 - INFO - Отправка архивы: Bed with a soft headboard 7 - Copy (2) - Copy - Copy.zip в топик 4342...
2024-12-08 03:04:58,688 - INFO - Uploading file of 128671438 bytes in 491 chunks of 262144
2024-12-08 03:04:58,688 - INFO - Отправка архивы: Bed with a soft headboard 7 - Copy (2) - Copy.zip в топик 4342...
2024-12-08 03:04:58,689 - INFO - Uploading file of 128671438 bytes in 491 chunks of 262144
2024-12-08 03:04:58,689 - INFO - Отправка архивы: Bed with a soft headboard 7 - Copy (2).zip в топик 4342...
2024-12-08 03:04:58,689 - INFO - Uploading file of 128671438 bytes in 491 chunks of 262144
2024-12-08 03:04:58,690 - INFO - Отправка архивы: Bed with a soft headboard 7 - Copy (3) - Copy - Copy.zip в топик 4342...
2024-12-08 03:04:58,695 - INFO - Uploading file of 128671438 bytes in 491 chunks of 262144
2024-12-08 03:04:58,695 - INFO - Отправка архивы: Bed with a soft headboard 7 - Copy (3) - Copy.zip в топик 4342...
2024-12-08 03:04:58,695 - INFO - Uploading file of 128671438 bytes in 491 chunks of 262144
2024-12-08 03:04:58,696 - INFO - Отправка архивы: Bed with a soft headboard 7 - Copy (3).zip в топик 4342...
2024-12-08 03:04:58,700 - INFO - Uploading file of 128671438 bytes in 491 chunks of 262144
2024-12-08 03:04:58,701 - INFO - Отправка архивы: Bed with a soft headboard 7 - Copy (4) - Copy - Copy.zip в топик 4342...
2024-12-08 03:04:58,705 - INFO - Uploading file of 128671438 bytes in 491 chunks of 262144
2024-12-08 03:04:58,705 - INFO - Отправка архивы: Bed with a soft headboard 7 - Copy (4) - Copy.zip в топик 4342...
2024-12-08 03:04:58,705 - INFO - Uploading file of 128671438 bytes in 491 chunks of 262144
2024-12-08 03:04:58,706 - INFO - Отправка архивы: Bed with a soft headboard 7 - Copy (5) - Copy - Copy.zip в топик 4342...
2024-12-08 03:04:58,710 - INFO - Uploading file of 128671438 bytes in 491 chunks of 262144
2024-12-08 03:04:58,710 - INFO - Отправка архивы: Bed with a soft headboard 7 - Copy (5) - Copy.zip в топик 4342...
2024-12-08 03:04:58,711 - INFO - Uploading file of 128671438 bytes in 491 chunks of 262144
2024-12-08 03:04:58,711 - INFO - Отправка архивы: Bed with a soft headboard 7 - Copy (6) - Copy - Copy.zip в топик 4342...
2024-12-08 03:04:58,715 - INFO - Uploading file of 128671438 bytes in 491 chunks of 262144
2024-12-08 03:04:58,715 - INFO - Отправка архивы: Bed with a soft headboard 7 - Copy (6) - Copy.zip в топик 4342...
2024-12-08 03:04:58,716 - INFO - Uploading file of 128671438 bytes in 491 chunks of 262144
2024-12-08 03:04:58,716 - INFO - Отправка архивы: Bed with a soft headboard 7 - Copy (7) - Copy - Copy.zip в топик 4342...
2024-12-08 03:04:58,720 - INFO - Uploading file of 128671438 bytes in 491 chunks of 262144
2024-12-08 03:04:58,720 - INFO - Отправка архивы: Bed with a soft headboard 7 - Copy (7) - Copy.zip в топик 4342...
2024-12-08 03:04:58,720 - INFO - Uploading file of 128671438 bytes in 491 chunks of 262144
2024-12-08 03:04:58,721 - INFO - Отправка архивы: Bed with a soft headboard 7 - Copy (8) - Copy - Copy.zip в топик 4342...
2024-12-08 03:04:58,725 - INFO - Uploading file of 128671438 bytes in 491 chunks of 262144
2024-12-08 03:04:58,725 - INFO - Отправка архивы: Bed with a soft headboard 7 - Copy (8) - Copy.zip в топик 4342...
2024-12-08 03:04:58,726 - INFO - Uploading file of 128671438 bytes in 491 chunks of 262144
2024-12-08 03:04:58,726 - INFO - Отправка архивы: Bed with a soft headboard 7 - Copy (9) - Copy.zip в топик 4342...
2024-12-08 03:04:58,729 - INFO - Uploading file of 128671438 bytes in 491 chunks of 262144
2024-12-08 03:04:58,730 - INFO - Отправка архивы: Bed with a soft headboard 7 - Copy - Copy.zip в топик 4342...
2024-12-08 03:04:58,734 - INFO - Uploading file of 128671438 bytes in 491 chunks of 262144
2024-12-08 03:04:58,734 - INFO - Отправка архивы: Bed with a soft headboard 7 - Copy.zip в топик 4342...
2024-12-08 03:04:58,735 - INFO - Uploading file of 128671438 bytes in 491 chunks of 262144
2024-12-08 03:04:58,735 - INFO - Отправка архивы: Bed with a soft headboard 7.zip в топик 4342...
2024-12-08 03:04:58,735 - INFO - Uploading file of 128671438 bytes in 491 chunks of 262144
2024-12-08 03:05:56,274 - INFO - Файл Bed with a soft headboard 7 - Copy (3) - Copy - Copy.zip успешно отправлен в топик 4342. Время отправки: 57.58 секунд.
2024-12-08 03:05:56,430 - INFO - Файл Bed with a soft headboard 7 - Copy (2).zip успешно отправлен в топик 4342. Время отправки: 57.74 секунд.
2024-12-08 03:05:56,443 - INFO - Файл Bed with a soft headboard 7 - Copy (5) - Copy.zip успешно отправлен в топик 4342. Время отправки: 57.73 секунд.
2024-12-08 03:05:56,624 - INFO - Файл Bed with a soft headboard 7 - Copy (3) - Copy.zip успешно отправлен в топик 4342. Время отправки: 57.93 секунд.
2024-12-08 03:05:56,630 - INFO - Файл Bed with a soft headboard 7.zip успешно отправлен в топик 4342. Время отправки: 57.89 секунд.
2024-12-08 03:05:56,647 - INFO - Got difference for account updates
2024-12-08 03:05:56,648 - INFO - Файл Bed with a soft headboard 7 - Copy (2) - Copy - Copy.zip успешно отправлен в топик 4342. Время отправки: 57.97 секунд.
2024-12-08 03:05:56,769 - INFO - Файл Bed with a soft headboard 7 - Copy (5) - Copy - Copy.zip успешно отправлен в топик 4342. Время отправки: 58.06 секунд.
2024-12-08 03:05:56,797 - INFO - Файл Bed with a soft headboard 7 - Copy - Copy.zip успешно отправлен в топик 4342. Время отправки: 58.07 секунд.
2024-12-08 03:05:56,836 - INFO - Got difference for account updates
2024-12-08 03:05:56,868 - INFO - Файл Bed with a soft headboard 7 - Copy (8) - Copy.zip успешно отправлен в топик 4342. Время отправки: 58.14 секунд.
2024-12-08 03:05:56,918 - INFO - Got difference for channel 2338060250 updates
2024-12-08 03:05:56,966 - INFO - Файл Bed with a soft headboard 7 - Copy (8) - Copy - Copy.zip успешно отправлен в топик 4342. Время отправки: 58.24 секунд.
2024-12-08 03:05:56,974 - INFO - Файл Bed with a soft headboard 7 - Copy (4) - Copy.zip успешно отправлен в топик 4342. Время отправки: 58.27 секунд.
2024-12-08 03:05:57,041 - INFO - Файл Bed with a soft headboard 7 - Copy.zip успешно отправлен в топик 4342. Время отправки: 58.31 секунд.
2024-12-08 03:05:57,058 - INFO - Файл Bed with a soft headboard 7 - Copy (6) - Copy.zip успешно отправлен в топик 4342. Время отправки: 58.34 секунд.
2024-12-08 03:05:57,072 - INFO - Got difference for account updates
2024-12-08 03:05:57,077 - INFO - Файл Bed with a soft headboard 7 - Copy (4) - Copy - Copy.zip успешно отправлен в топик 4342. Время отправки: 58.38 секунд.
2024-12-08 03:05:57,113 - INFO - Файл Bed with a soft headboard 7 - Copy (3).zip успешно отправлен в топик 4342. Время отправки: 58.42 секунд.
2024-12-08 03:05:57,145 - INFO - Файл Bed with a soft headboard 7 - Copy (7) - Copy.zip успешно отправлен в топик 4342. Время отправки: 58.42 секунд.
2024-12-08 03:05:57,150 - INFO - Got difference for channel 2338060250 updates
2024-12-08 03:05:57,237 - INFO - Got difference for account updates
2024-12-08 03:05:57,285 - INFO - Файл Bed with a soft headboard 7 - Copy (6) - Copy - Copy.zip успешно отправлен в топик 4342. Время отправки: 58.57 секунд.
2024-12-08 03:05:57,286 - INFO - Файл Bed with a soft headboard 7 - Copy (2) - Copy.zip успешно отправлен в топик 4342. Время отправки: 58.60 секунд.
2024-12-08 03:05:57,316 - INFO - Got difference for channel 2338060250 updates
2024-12-08 03:05:57,361 - INFO - Файл Bed with a soft headboard 7 - Copy (7) - Copy - Copy.zip успешно отправлен в топик 4342. Время отправки: 58.65 секунд.
2024-12-08 03:05:57,363 - INFO - Файл Bed with a soft headboard 7 - Copy (9) - Copy.zip успешно отправлен в топик 4342. Время отправки: 58.64 секунд.
2024-12-08 03:05:57,363 - INFO - Начинается загрузка изображений...
2024-12-08 03:05:57,363 - INFO - Все файлы успешно обработаны. Завершаем работу клиента Telegram...
2024-12-08 03:05:57,363 - INFO - Disconnecting from 149.154.167.51:443/TcpFull...
2024-12-08 03:05:57,364 - INFO - Disconnection from 149.154.167.51:443/TcpFull complete!
2024-12-08 03:05:57,377 - INFO - Клиент Telegram успешно отключен.
