2024-12-07 21:29:38,788 - INFO - Connecting to 149.154.167.51:443/TcpFull...
2024-12-07 21:29:38,862 - INFO - Connection to 149.154.167.51:443/TcpFull complete!
2024-12-07 21:29:39,771 - INFO - Начинается загрузка архивов...
2024-12-07 21:29:39,771 - INFO - Начинается загрузка изображений...
2024-12-07 21:29:39,771 - INFO - Отправка изображения: 005 Serpentine sofa with arm by Vladimir Kagan 0.jpeg в топик 4342...
2024-12-07 21:29:39,775 - INFO - Uploading file of 51719 bytes in 1 chunks of 131072
2024-12-07 21:29:40,412 - INFO - Файл 005 Serpentine sofa with arm by Vladimir Kagan 0.jpeg успешно отправлен в топик 4342.
2024-12-07 21:29:40,413 - INFO - Отправка изображения: 005 Serpentine sofa with arm by Vladimir Kagan 1.jpeg в топик 4342...
2024-12-07 21:29:40,421 - INFO - Uploading file of 40490 bytes in 1 chunks of 131072
2024-12-07 21:29:40,784 - INFO - Файл 005 Serpentine sofa with arm by Vladimir Kagan 1.jpeg успешно отправлен в топик 4342.
2024-12-07 21:29:40,784 - INFO - Отправка изображения: 005 Serpentine sofa with arm by Vladimir Kagan 2.jpeg в топик 4342...
2024-12-07 21:29:40,788 - INFO - Uploading file of 49416 bytes in 1 chunks of 131072
2024-12-07 21:29:41,116 - INFO - Файл 005 Serpentine sofa with arm by Vladimir Kagan 2.jpeg успешно отправлен в топик 4342.
2024-12-07 21:29:41,117 - INFO - Отправка изображения: 2 Bamboo Clusters 0.jpeg в топик 4342...
2024-12-07 21:29:41,122 - INFO - Uploading file of 168413 bytes in 2 chunks of 131072
2024-12-07 21:29:41,748 - INFO - Файл 2 Bamboo Clusters 0.jpeg успешно отправлен в топик 4342.
2024-12-07 21:29:41,749 - INFO - Отправка изображения: 2 Bamboo Clusters 1.jpeg в топик 4342...
2024-12-07 21:29:41,754 - INFO - Uploading file of 134537 bytes in 2 chunks of 131072
2024-12-07 21:29:42,304 - INFO - Файл 2 Bamboo Clusters 1.jpeg успешно отправлен в топик 4342.
2024-12-07 21:29:42,304 - INFO - Отправка изображения: 2 Bamboo Clusters 2.jpeg в топик 4342...
2024-12-07 21:29:42,310 - INFO - Uploading file of 80243 bytes in 1 chunks of 131072
2024-12-07 21:29:42,693 - INFO - Файл 2 Bamboo Clusters 2.jpeg успешно отправлен в топик 4342.
2024-12-07 21:29:42,694 - INFO - Отправка изображения: 3d gypsum panel 148 from Art Relief 0.jpeg в топик 4342...
2024-12-07 21:29:42,698 - INFO - Uploading file of 42457 bytes in 1 chunks of 131072
2024-12-07 21:29:42,757 - INFO - Got difference for account updates
2024-12-07 21:29:43,023 - INFO - Файл 3d gypsum panel 148 from Art Relief 0.jpeg успешно отправлен в топик 4342.
2024-12-07 21:29:43,024 - INFO - Отправка изображения: 3D panel Wave 0.jpg в топик 4342...
2024-12-07 21:29:43,029 - INFO - Uploading file of 68903 bytes in 1 chunks of 131072
2024-12-07 21:29:43,360 - INFO - Got difference for account updates
2024-12-07 21:29:43,397 - INFO - Файл 3D panel Wave 0.jpg успешно отправлен в топик 4342.
2024-12-07 21:29:43,398 - INFO - Отправка изображения: 3D panel Wave 1.jpg в топик 4342...
2024-12-07 21:29:43,403 - INFO - Uploading file of 66872 bytes in 1 chunks of 131072
2024-12-07 21:29:43,742 - INFO - Файл 3D panel Wave 1.jpg успешно отправлен в топик 4342.
2024-12-07 21:29:43,742 - INFO - Отправка изображения: 3D panel Wave 2.jpg в топик 4342...
2024-12-07 21:29:43,747 - INFO - Uploading file of 88838 bytes in 1 chunks of 131072
2024-12-07 21:29:44,024 - INFO - Got difference for account updates
2024-12-07 21:29:44,136 - INFO - Файл 3D panel Wave 2.jpg успешно отправлен в топик 4342.
2024-12-07 21:29:44,136 - INFO - Отправка изображения: 3D panel, futurism 302 0.jpg в топик 4342...
2024-12-07 21:29:44,141 - INFO - Uploading file of 173725 bytes in 2 chunks of 131072
2024-12-07 21:29:44,777 - INFO - Файл 3D panel, futurism 302 0.jpg успешно отправлен в топик 4342.
2024-12-07 21:29:44,777 - INFO - Отправка изображения: 3D Wall Panel Tratto de Lithos Design 0.jpeg в топик 4342...
2024-12-07 21:29:44,781 - INFO - Uploading file of 111028 bytes in 1 chunks of 131072
2024-12-07 21:29:45,083 - INFO - Got difference for account updates
2024-12-07 21:29:45,279 - INFO - Файл 3D Wall Panel Tratto de Lithos Design 0.jpeg успешно отправлен в топик 4342.
2024-12-07 21:29:45,279 - INFO - Отправка изображения: 3D Wall Panel Tratto de Lithos Design 1.jpeg в топик 4342...
2024-12-07 21:29:45,285 - INFO - Uploading file of 137542 bytes in 2 chunks of 131072
2024-12-07 21:29:45,919 - INFO - Файл 3D Wall Panel Tratto de Lithos Design 1.jpeg успешно отправлен в топик 4342.
2024-12-07 21:29:45,919 - INFO - Отправка изображения: 3D Wall Panel Tratto de Lithos Design 2.jpeg в топик 4342...
2024-12-07 21:29:45,926 - INFO - Uploading file of 152618 bytes in 2 chunks of 131072
2024-12-07 21:29:46,205 - INFO - Got difference for account updates
2024-12-07 21:29:46,488 - INFO - Файл 3D Wall Panel Tratto de Lithos Design 2.jpeg успешно отправлен в топик 4342.
2024-12-07 21:29:46,489 - INFO - Отправка изображения: 3DArt Relief NG19 0.jpeg в топик 4342...
2024-12-07 21:29:46,497 - INFO - Uploading file of 50783 bytes in 1 chunks of 131072
2024-12-07 21:29:46,874 - INFO - Файл 3DArt Relief NG19 0.jpeg успешно отправлен в топик 4342.
2024-12-07 21:29:46,874 - INFO - Отправка изображения: 3DArt Relief NG19 1.jpeg в топик 4342...
2024-12-07 21:29:46,880 - INFO - Uploading file of 46783 bytes in 1 chunks of 131072
2024-12-07 21:29:47,152 - INFO - Got difference for account updates
2024-12-07 21:29:47,349 - INFO - Файл 3DArt Relief NG19 1.jpeg успешно отправлен в топик 4342.
2024-12-07 21:29:47,350 - INFO - Отправка изображения: 3DArt Relief NG19 2.jpeg в топик 4342...
2024-12-07 21:29:47,355 - INFO - Uploading file of 50578 bytes in 1 chunks of 131072
2024-12-07 21:29:48,056 - INFO - Файл 3DArt Relief NG19 2.jpeg успешно отправлен в топик 4342.
2024-12-07 21:29:48,057 - INFO - Отправка изображения: 8k seamless snow square material 03 0.jpeg в топик 4342...
2024-12-07 21:29:48,062 - INFO - Uploading file of 134502 bytes in 2 chunks of 131072
2024-12-07 21:29:48,399 - INFO - Got difference for account updates
2024-12-07 21:29:48,726 - INFO - Файл 8k seamless snow square material 03 0.jpeg успешно отправлен в топик 4342.
2024-12-07 21:29:48,727 - INFO - Disconnecting from 149.154.167.51:443/TcpFull...
2024-12-07 21:29:48,728 - INFO - Disconnection from 149.154.167.51:443/TcpFull complete!
