2024-12-07 20:37:15,510 - INFO - Connecting to 149.154.167.51:443/TcpFull...
2024-12-07 20:37:16,597 - INFO - Connection to 149.154.167.51:443/TcpFull complete!
2024-12-07 20:37:17,369 - INFO - Отправка файла: SS_WEB_SET_GALLERY_10_2000x.webp в топик 4342...
2024-12-07 20:37:17,371 - INFO - Uploading file of 83338 bytes in 1 chunks of 131072
2024-12-07 20:37:18,336 - INFO - Файл SS_WEB_SET_GALLERY_10_2000x.webp успешно отправлен в топик 4342.
2024-12-07 20:37:18,336 - INFO - Отправка файла: SS_WEB_SET_GALLERY_11_2000x.webp в топик 4342...
2024-12-07 20:37:18,337 - INFO - Uploading file of 126730 bytes in 1 chunks of 131072
2024-12-07 20:37:18,900 - INFO - Файл SS_WEB_SET_GALLERY_11_2000x.webp успешно отправлен в топик 4342.
2024-12-07 20:37:18,901 - INFO - Отправка файла: SS_WEB_SET_GALLERY_12_2000x.webp в топик 4342...
2024-12-07 20:37:18,901 - INFO - Uploading file of 95692 bytes in 1 chunks of 131072
2024-12-07 20:37:19,134 - INFO - Got difference for account updates
2024-12-07 20:37:19,363 - INFO - Файл SS_WEB_SET_GALLERY_12_2000x.webp успешно отправлен в топик 4342.
2024-12-07 20:37:19,364 - INFO - Отправка файла: SS_WEB_SET_GALLERY_13_2000x.webp в топик 4342...
2024-12-07 20:37:19,365 - INFO - Uploading file of 37710 bytes in 1 chunks of 131072
2024-12-07 20:37:20,212 - INFO - Файл SS_WEB_SET_GALLERY_13_2000x.webp успешно отправлен в топик 4342.
2024-12-07 20:37:20,213 - INFO - Отправка файла: SS_WEB_SET_GALLERY_14_2000x.webp в топик 4342...
2024-12-07 20:37:20,213 - INFO - Uploading file of 87280 bytes in 1 chunks of 131072
2024-12-07 20:37:20,423 - INFO - Got difference for account updates
2024-12-07 20:37:20,651 - INFO - Файл SS_WEB_SET_GALLERY_14_2000x.webp успешно отправлен в топик 4342.
2024-12-07 20:37:20,651 - INFO - Отправка файла: SS_WEB_SET_GALLERY_15_2000x.webp в топик 4342...
2024-12-07 20:37:20,652 - INFO - Uploading file of 187462 bytes in 2 chunks of 131072
2024-12-07 20:37:21,394 - INFO - Файл SS_WEB_SET_GALLERY_15_2000x.webp успешно отправлен в топик 4342.
2024-12-07 20:37:21,394 - INFO - Отправка файла: SS_WEB_SET_GALLERY_16_2000x.webp в топик 4342...
2024-12-07 20:37:21,394 - INFO - Uploading file of 356460 bytes in 3 chunks of 131072
2024-12-07 20:37:22,085 - INFO - Got difference for account updates
2024-12-07 20:37:22,760 - INFO - Файл SS_WEB_SET_GALLERY_16_2000x.webp успешно отправлен в топик 4342.
2024-12-07 20:37:22,761 - INFO - Отправка файла: SS_WEB_SET_GALLERY_17_2000x.webp в топик 4342...
2024-12-07 20:37:22,762 - INFO - Uploading file of 186148 bytes in 2 chunks of 131072
2024-12-07 20:37:23,441 - INFO - Файл SS_WEB_SET_GALLERY_17_2000x.webp успешно отправлен в топик 4342.
2024-12-07 20:37:23,441 - INFO - Отправка файла: SS_WEB_SET_GALLERY_18_2000x.webp в топик 4342...
2024-12-07 20:37:23,442 - INFO - Uploading file of 104116 bytes in 1 chunks of 131072
2024-12-07 20:37:23,746 - INFO - Got difference for account updates
2024-12-07 20:37:23,951 - INFO - Файл SS_WEB_SET_GALLERY_18_2000x.webp успешно отправлен в топик 4342.
2024-12-07 20:37:23,952 - INFO - Отправка файла: SS_WEB_SET_GALLERY_19_2000x.webp в топик 4342...
2024-12-07 20:37:23,953 - INFO - Uploading file of 189462 bytes in 2 chunks of 131072
2024-12-07 20:37:24,772 - INFO - Файл SS_WEB_SET_GALLERY_19_2000x.webp успешно отправлен в топик 4342.
2024-12-07 20:37:24,773 - INFO - Отправка файла: SS_WEB_SET_GALLERY_1_2000x.webp в топик 4342...
2024-12-07 20:37:24,774 - INFO - Uploading file of 312926 bytes in 3 chunks of 131072
2024-12-07 20:37:25,201 - INFO - Got difference for account updates
2024-12-07 20:37:25,926 - INFO - Файл SS_WEB_SET_GALLERY_1_2000x.webp успешно отправлен в топик 4342.
2024-12-07 20:37:25,928 - INFO - Отправка файла: SS_WEB_SET_GALLERY_20_2000x.webp в топик 4342...
2024-12-07 20:37:25,928 - INFO - Uploading file of 139418 bytes in 2 chunks of 131072
2024-12-07 20:37:26,738 - INFO - Файл SS_WEB_SET_GALLERY_20_2000x.webp успешно отправлен в топик 4342.
2024-12-07 20:37:26,739 - INFO - Отправка файла: SS_WEB_SET_GALLERY_22_1780x.webp в топик 4342...
2024-12-07 20:37:26,740 - INFO - Uploading file of 99672 bytes in 1 chunks of 131072
2024-12-07 20:37:26,970 - INFO - Got difference for account updates
2024-12-07 20:37:27,177 - INFO - Файл SS_WEB_SET_GALLERY_22_1780x.webp успешно отправлен в топик 4342.
2024-12-07 20:37:27,178 - INFO - Отправка файла: SS_WEB_SET_GALLERY_23_2000x.webp в топик 4342...
2024-12-07 20:37:27,178 - INFO - Uploading file of 68736 bytes in 1 chunks of 131072
2024-12-07 20:37:27,579 - INFO - Файл SS_WEB_SET_GALLERY_23_2000x.webp успешно отправлен в топик 4342.
2024-12-07 20:37:27,579 - INFO - Отправка файла: SS_WEB_SET_GALLERY_24_2000x.webp в топик 4342...
2024-12-07 20:37:27,580 - INFO - Uploading file of 117800 bytes in 1 chunks of 131072
2024-12-07 20:37:27,886 - INFO - Got difference for account updates
2024-12-07 20:37:28,086 - INFO - Файл SS_WEB_SET_GALLERY_24_2000x.webp успешно отправлен в топик 4342.
2024-12-07 20:37:28,086 - INFO - Отправка файла: SS_WEB_SET_GALLERY_25_2000x.webp в топик 4342...
2024-12-07 20:37:28,087 - INFO - Uploading file of 155124 bytes in 2 chunks of 131072
2024-12-07 20:37:28,895 - INFO - Файл SS_WEB_SET_GALLERY_25_2000x.webp успешно отправлен в топик 4342.
2024-12-07 20:37:28,895 - INFO - Отправка файла: SS_WEB_SET_GALLERY_26_2000x.webp в топик 4342...
2024-12-07 20:37:28,896 - INFO - Uploading file of 112876 bytes in 1 chunks of 131072
2024-12-07 20:37:29,172 - INFO - Got difference for account updates
2024-12-07 20:37:29,433 - INFO - Файл SS_WEB_SET_GALLERY_26_2000x.webp успешно отправлен в топик 4342.
2024-12-07 20:37:29,434 - INFO - Отправка файла: SS_WEB_SET_GALLERY_2_2000x.webp в топик 4342...
2024-12-07 20:37:29,435 - INFO - Uploading file of 139804 bytes in 2 chunks of 131072
2024-12-07 20:37:30,084 - INFO - Файл SS_WEB_SET_GALLERY_2_2000x.webp успешно отправлен в топик 4342.
2024-12-07 20:37:30,085 - INFO - Отправка файла: SS_WEB_SET_GALLERY_3_2000x.webp в топик 4342...
2024-12-07 20:37:30,086 - INFO - Uploading file of 72802 bytes in 1 chunks of 131072
2024-12-07 20:37:30,347 - INFO - Got difference for account updates
2024-12-07 20:37:30,573 - INFO - Файл SS_WEB_SET_GALLERY_3_2000x.webp успешно отправлен в топик 4342.
2024-12-07 20:37:30,574 - INFO - Отправка файла: SS_WEB_SET_GALLERY_4_2000x.webp в топик 4342...
2024-12-07 20:37:30,575 - INFO - Uploading file of 96554 bytes in 1 chunks of 131072
2024-12-07 20:37:31,438 - INFO - Файл SS_WEB_SET_GALLERY_4_2000x.webp успешно отправлен в топик 4342.
2024-12-07 20:37:31,438 - INFO - Отправка файла: SS_WEB_SET_GALLERY_5_2000x.webp в топик 4342...
2024-12-07 20:37:31,439 - INFO - Uploading file of 45134 bytes in 1 chunks of 131072
2024-12-07 20:37:31,676 - INFO - Got difference for account updates
2024-12-07 20:37:31,948 - INFO - Файл SS_WEB_SET_GALLERY_5_2000x.webp успешно отправлен в топик 4342.
2024-12-07 20:37:31,948 - INFO - Отправка файла: SS_WEB_SET_GALLERY_6_2000x.webp в топик 4342...
2024-12-07 20:37:31,948 - INFO - Uploading file of 118568 bytes in 1 chunks of 131072
2024-12-07 20:37:32,446 - INFO - Файл SS_WEB_SET_GALLERY_6_2000x.webp успешно отправлен в топик 4342.
2024-12-07 20:37:32,447 - INFO - Отправка файла: SS_WEB_SET_GALLERY_7_2000x.webp в топик 4342...
2024-12-07 20:37:32,447 - INFO - Uploading file of 104494 bytes in 1 chunks of 131072
2024-12-07 20:37:32,706 - INFO - Got difference for account updates
2024-12-07 20:37:32,918 - INFO - Файл SS_WEB_SET_GALLERY_7_2000x.webp успешно отправлен в топик 4342.
2024-12-07 20:37:32,918 - INFO - Отправка файла: SS_WEB_SET_GALLERY_8_2000x.webp в топик 4342...
2024-12-07 20:37:32,919 - INFO - Uploading file of 283246 bytes in 3 chunks of 131072
2024-12-07 20:37:33,833 - INFO - Файл SS_WEB_SET_GALLERY_8_2000x.webp успешно отправлен в топик 4342.
2024-12-07 20:37:33,834 - INFO - Отправка файла: SS_WEB_SET_GALLERY_9_2000x.webp в топик 4342...
2024-12-07 20:37:33,834 - INFO - Uploading file of 62102 bytes in 1 chunks of 131072
2024-12-07 20:37:34,133 - INFO - Got difference for account updates
2024-12-07 20:37:34,242 - INFO - Файл SS_WEB_SET_GALLERY_9_2000x.webp успешно отправлен в топик 4342.
2024-12-07 20:37:34,242 - INFO - Disconnecting from 149.154.167.51:443/TcpFull...
2024-12-07 20:37:34,244 - INFO - Disconnection from 149.154.167.51:443/TcpFull complete!
