2024-12-08 03:23:38,241 - INFO - Инициализация клиента Telegram...
2024-12-08 03:23:38,241 - INFO - Connecting to 149.154.167.51:443/TcpFull...
2024-12-08 03:23:38,316 - INFO - Connection to 149.154.167.51:443/TcpFull complete!
2024-12-08 03:23:38,749 - INFO - Клиент Telegram успешно запущен.
2024-12-08 03:23:38,751 - INFO - Найдено 20 архивов и 0 изображений для загрузки.
2024-12-08 03:23:38,751 - INFO - Начинается загрузка архивов...
2024-12-08 03:23:38,753 - INFO - Отправка архивы: Bed with a soft headboard 7 - Copy (2) - Copy - Copy.zip в топик 4342...
2024-12-08 03:23:38,754 - INFO - Uploading file of 128671438 bytes in 491 chunks of 262144
2024-12-08 03:23:38,755 - INFO - Отправка архивы: Bed with a soft headboard 7 - Copy (2) - Copy.zip в топик 4342...
2024-12-08 03:23:38,755 - INFO - Uploading file of 128671438 bytes in 491 chunks of 262144
2024-12-08 03:23:38,755 - INFO - Отправка архивы: Bed with a soft headboard 7 - Copy (2).zip в топик 4342...
2024-12-08 03:23:38,756 - INFO - Uploading file of 128671438 bytes in 491 chunks of 262144
2024-12-08 03:23:38,757 - INFO - Отправка архивы: Bed with a soft headboard 7 - Copy (3) - Copy - Copy.zip в топик 4342...
2024-12-08 03:23:38,757 - INFO - Uploading file of 128671438 bytes in 491 chunks of 262144
2024-12-08 03:23:38,758 - INFO - Отправка архивы: Bed with a soft headboard 7 - Copy (3) - Copy.zip в топик 4342...
2024-12-08 03:23:38,759 - INFO - Uploading file of 128671438 bytes in 491 chunks of 262144
2024-12-08 03:23:38,759 - INFO - Отправка архивы: Bed with a soft headboard 7 - Copy (3).zip в топик 4342...
2024-12-08 03:23:38,759 - INFO - Uploading file of 128671438 bytes in 491 chunks of 262144
2024-12-08 03:23:38,760 - INFO - Отправка архивы: Bed with a soft headboard 7 - Copy (4) - Copy - Copy.zip в топик 4342...
2024-12-08 03:23:38,760 - INFO - Uploading file of 128671438 bytes in 491 chunks of 262144
2024-12-08 03:23:38,760 - INFO - Отправка архивы: Bed with a soft headboard 7 - Copy (4) - Copy.zip в топик 4342...
2024-12-08 03:23:38,761 - INFO - Uploading file of 128671438 bytes in 491 chunks of 262144
2024-12-08 03:23:38,761 - INFO - Отправка архивы: Bed with a soft headboard 7 - Copy (5) - Copy - Copy.zip в топик 4342...
2024-12-08 03:23:38,761 - INFO - Uploading file of 128671438 bytes in 491 chunks of 262144
2024-12-08 03:23:38,762 - INFO - Отправка архивы: Bed with a soft headboard 7 - Copy (5) - Copy.zip в топик 4342...
2024-12-08 03:23:38,762 - INFO - Uploading file of 128671438 bytes in 491 chunks of 262144
2024-12-08 03:24:32,316 - INFO - Файл Bed with a soft headboard 7 - Copy (4) - Copy - Copy.zip успешно отправлен в топик 4342. Время отправки: 53.56 секунд.
2024-12-08 03:24:32,316 - INFO - Отправка архивы: Bed with a soft headboard 7 - Copy (6) - Copy - Copy.zip в топик 4342...
2024-12-08 03:24:32,317 - INFO - Uploading file of 128671438 bytes in 491 chunks of 262144
2024-12-08 03:24:32,470 - INFO - Файл Bed with a soft headboard 7 - Copy (2).zip успешно отправлен в топик 4342. Время отправки: 53.71 секунд.
2024-12-08 03:24:32,470 - INFO - Отправка архивы: Bed with a soft headboard 7 - Copy (6) - Copy.zip в топик 4342...
2024-12-08 03:24:32,471 - INFO - Uploading file of 128671438 bytes in 491 chunks of 262144
2024-12-08 03:24:32,475 - INFO - Файл Bed with a soft headboard 7 - Copy (4) - Copy.zip успешно отправлен в топик 4342. Время отправки: 53.71 секунд.
2024-12-08 03:24:32,476 - INFO - Отправка архивы: Bed with a soft headboard 7 - Copy (7) - Copy - Copy.zip в топик 4342...
2024-12-08 03:24:32,476 - INFO - Uploading file of 128671438 bytes in 491 chunks of 262144
2024-12-08 03:24:32,568 - INFO - Файл Bed with a soft headboard 7 - Copy (2) - Copy - Copy.zip успешно отправлен в топик 4342. Время отправки: 53.82 секунд.
2024-12-08 03:24:32,569 - INFO - Отправка архивы: Bed with a soft headboard 7 - Copy (7) - Copy.zip в топик 4342...
2024-12-08 03:24:32,569 - INFO - Uploading file of 128671438 bytes in 491 chunks of 262144
2024-12-08 03:24:32,575 - INFO - Файл Bed with a soft headboard 7 - Copy (3).zip успешно отправлен в топик 4342. Время отправки: 53.82 секунд.
2024-12-08 03:24:32,575 - INFO - Отправка архивы: Bed with a soft headboard 7 - Copy (8) - Copy - Copy.zip в топик 4342...
2024-12-08 03:24:32,575 - INFO - Uploading file of 128671438 bytes in 491 chunks of 262144
2024-12-08 03:24:32,671 - INFO - Got difference for account updates
2024-12-08 03:24:32,692 - INFO - Файл Bed with a soft headboard 7 - Copy (2) - Copy.zip успешно отправлен в топик 4342. Время отправки: 53.94 секунд.
2024-12-08 03:24:32,692 - INFO - Отправка архивы: Bed with a soft headboard 7 - Copy (8) - Copy.zip в топик 4342...
2024-12-08 03:24:32,692 - INFO - Uploading file of 128671438 bytes in 491 chunks of 262144
2024-12-08 03:24:32,732 - INFO - Файл Bed with a soft headboard 7 - Copy (5) - Copy.zip успешно отправлен в топик 4342. Время отправки: 53.97 секунд.
2024-12-08 03:24:32,732 - INFO - Отправка архивы: Bed with a soft headboard 7 - Copy (9) - Copy.zip в топик 4342...
2024-12-08 03:24:32,732 - INFO - Uploading file of 128671438 bytes in 491 chunks of 262144
2024-12-08 03:24:32,823 - INFO - Файл Bed with a soft headboard 7 - Copy (3) - Copy.zip успешно отправлен в топик 4342. Время отправки: 54.06 секунд.
2024-12-08 03:24:32,823 - INFO - Отправка архивы: Bed with a soft headboard 7 - Copy - Copy.zip в топик 4342...
2024-12-08 03:24:32,823 - INFO - Uploading file of 128671438 bytes in 491 chunks of 262144
2024-12-08 03:24:32,884 - INFO - Got difference for account updates
2024-12-08 03:24:32,968 - INFO - Got difference for channel 2338060250 updates
2024-12-08 03:24:33,075 - INFO - Got difference for account updates
2024-12-08 03:24:33,126 - INFO - Файл Bed with a soft headboard 7 - Copy (3) - Copy - Copy.zip успешно отправлен в топик 4342. Время отправки: 54.37 секунд.
2024-12-08 03:24:33,126 - INFO - Отправка архивы: Bed with a soft headboard 7 - Copy.zip в топик 4342...
2024-12-08 03:24:33,126 - INFO - Uploading file of 128671438 bytes in 491 chunks of 262144
2024-12-08 03:24:33,158 - INFO - Got difference for channel 2338060250 updates
2024-12-08 03:24:33,173 - INFO - Файл Bed with a soft headboard 7 - Copy (5) - Copy - Copy.zip успешно отправлен в топик 4342. Время отправки: 54.41 секунд.
2024-12-08 03:24:33,173 - INFO - Отправка архивы: Bed with a soft headboard 7.zip в топик 4342...
2024-12-08 03:24:33,173 - INFO - Uploading file of 128671438 bytes in 491 chunks of 262144
2024-12-08 03:24:33,414 - INFO - Got difference for account updates
2024-12-08 03:25:28,052 - INFO - Файл Bed with a soft headboard 7 - Copy (6) - Copy - Copy.zip успешно отправлен в топик 4342. Время отправки: 55.74 секунд.
2024-12-08 03:25:28,316 - INFO - Файл Bed with a soft headboard 7 - Copy (6) - Copy.zip успешно отправлен в топик 4342. Время отправки: 55.85 секунд.
2024-12-08 03:25:28,615 - INFO - Got difference for account updates
2024-12-08 03:25:28,729 - INFO - Файл Bed with a soft headboard 7 - Copy (8) - Copy - Copy.zip успешно отправлен в топик 4342. Время отправки: 56.15 секунд.
2024-12-08 03:25:28,734 - INFO - Файл Bed with a soft headboard 7 - Copy (7) - Copy - Copy.zip успешно отправлен в топик 4342. Время отправки: 56.26 секунд.
2024-12-08 03:25:28,856 - INFO - Файл Bed with a soft headboard 7 - Copy (8) - Copy.zip успешно отправлен в топик 4342. Время отправки: 56.16 секунд.
2024-12-08 03:25:28,859 - INFO - Файл Bed with a soft headboard 7 - Copy - Copy.zip успешно отправлен в топик 4342. Время отправки: 56.04 секунд.
2024-12-08 03:25:28,963 - INFO - Файл Bed with a soft headboard 7 - Copy (7) - Copy.zip успешно отправлен в топик 4342. Время отправки: 56.39 секунд.
2024-12-08 03:25:29,143 - INFO - Got difference for account updates
2024-12-08 03:25:29,394 - INFO - Файл Bed with a soft headboard 7 - Copy (9) - Copy.zip успешно отправлен в топик 4342. Время отправки: 56.66 секунд.
2024-12-08 03:25:29,581 - INFO - Файл Bed with a soft headboard 7 - Copy.zip успешно отправлен в топик 4342. Время отправки: 56.46 секунд.
2024-12-08 03:25:29,776 - INFO - Файл Bed with a soft headboard 7.zip успешно отправлен в топик 4342. Время отправки: 56.60 секунд.
2024-12-08 03:25:29,777 - INFO - Начинается загрузка изображений...
2024-12-08 03:25:29,777 - INFO - Все файлы успешно обработаны. Завершаем работу клиента Telegram...
2024-12-08 03:25:29,777 - INFO - Disconnecting from 149.154.167.51:443/TcpFull...
2024-12-08 03:25:29,778 - INFO - Disconnection from 149.154.167.51:443/TcpFull complete!
2024-12-08 03:25:29,782 - INFO - Клиент Telegram успешно отключен.
