2024-12-08 03:43:54,396 - INFO - Инициализация клиента Telegram...
2024-12-08 03:43:54,397 - INFO - Connecting to 149.154.167.51:443/TcpFull...
2024-12-08 03:43:54,465 - INFO - Connection to 149.154.167.51:443/TcpFull complete!
2024-12-08 03:43:55,038 - INFO - Клиент Telegram успешно запущен.
2024-12-08 03:43:55,040 - INFO - Найдено 40 архивов и 0 изображений для загрузки.
2024-12-08 03:43:55,040 - INFO - Начинается загрузка архивов...
2024-12-08 03:43:55,041 - INFO - Отправка архивы: Bed with a soft headboard 7 - Copy (10) - Copy - Copy.zip в топик 4342...
2024-12-08 03:43:55,050 - INFO - Uploading file of 128671438 bytes in 491 chunks of 262144
2024-12-08 03:43:55,050 - INFO - Отправка архивы: Bed with a soft headboard 7 - Copy (10) - Copy.zip в топик 4342...
2024-12-08 03:43:55,055 - INFO - Uploading file of 128671438 bytes in 491 chunks of 262144
2024-12-08 03:43:55,055 - INFO - Отправка архивы: Bed with a soft headboard 7 - Copy (11) - Copy - Copy.zip в топик 4342...
2024-12-08 03:43:55,059 - INFO - Uploading file of 128671438 bytes in 491 chunks of 262144
2024-12-08 03:43:55,059 - INFO - Отправка архивы: Bed with a soft headboard 7 - Copy (11) - Copy.zip в топик 4342...
2024-12-08 03:43:55,063 - INFO - Uploading file of 128671438 bytes in 491 chunks of 262144
2024-12-08 03:43:55,063 - INFO - Отправка архивы: Bed with a soft headboard 7 - Copy (12) - Copy - Copy.zip в топик 4342...
2024-12-08 03:43:55,068 - INFO - Uploading file of 128671438 bytes in 491 chunks of 262144
2024-12-08 03:43:55,068 - INFO - Отправка архивы: Bed with a soft headboard 7 - Copy (13) - Copy - Copy.zip в топик 4342...
2024-12-08 03:43:55,072 - INFO - Uploading file of 128671438 bytes in 491 chunks of 262144
2024-12-08 03:43:55,072 - INFO - Отправка архивы: Bed with a soft headboard 7 - Copy (14) - Copy - Copy.zip в топик 4342...
2024-12-08 03:43:55,076 - INFO - Uploading file of 128671438 bytes in 491 chunks of 262144
2024-12-08 03:43:55,077 - INFO - Отправка архивы: Bed with a soft headboard 7 - Copy (15) - Copy - Copy.zip в топик 4342...
2024-12-08 03:43:55,080 - INFO - Uploading file of 128671438 bytes in 491 chunks of 262144
2024-12-08 03:43:55,081 - INFO - Отправка архивы: Bed with a soft headboard 7 - Copy (16) - Copy - Copy.zip в топик 4342...
2024-12-08 03:43:55,085 - INFO - Uploading file of 128671438 bytes in 491 chunks of 262144
2024-12-08 03:43:55,085 - INFO - Отправка архивы: Bed with a soft headboard 7 - Copy (2) - Copy - Copy - Copy.zip в топик 4342...
2024-12-08 03:43:55,089 - INFO - Uploading file of 128671438 bytes in 491 chunks of 262144
2024-12-08 03:43:55,089 - INFO - Отправка архивы: Bed with a soft headboard 7 - Copy (2) - Copy - Copy.zip в топик 4342...
2024-12-08 03:43:55,089 - INFO - Uploading file of 128671438 bytes in 491 chunks of 262144
2024-12-08 03:43:55,090 - INFO - Отправка архивы: Bed with a soft headboard 7 - Copy (2) - Copy.zip в топик 4342...
2024-12-08 03:43:55,090 - INFO - Uploading file of 128671438 bytes in 491 chunks of 262144
2024-12-08 03:43:55,090 - INFO - Отправка архивы: Bed with a soft headboard 7 - Copy (2).zip в топик 4342...
2024-12-08 03:43:55,090 - INFO - Uploading file of 128671438 bytes in 491 chunks of 262144
2024-12-08 03:43:55,091 - INFO - Отправка архивы: Bed with a soft headboard 7 - Copy (3) - Copy - Copy - Copy.zip в топик 4342...
2024-12-08 03:43:55,094 - INFO - Uploading file of 128671438 bytes in 491 chunks of 262144
2024-12-08 03:43:55,095 - INFO - Отправка архивы: Bed with a soft headboard 7 - Copy (3) - Copy - Copy.zip в топик 4342...
2024-12-08 03:43:55,095 - INFO - Uploading file of 128671438 bytes in 491 chunks of 262144
2024-12-08 03:43:55,095 - INFO - Отправка архивы: Bed with a soft headboard 7 - Copy (3) - Copy.zip в топик 4342...
2024-12-08 03:43:55,095 - INFO - Uploading file of 128671438 bytes in 491 chunks of 262144
2024-12-08 03:43:55,096 - INFO - Отправка архивы: Bed with a soft headboard 7 - Copy (3).zip в топик 4342...
2024-12-08 03:43:55,096 - INFO - Uploading file of 128671438 bytes in 491 chunks of 262144
2024-12-08 03:43:55,096 - INFO - Отправка архивы: Bed with a soft headboard 7 - Copy (4) - Copy - Copy - Copy.zip в топик 4342...
2024-12-08 03:43:55,100 - INFO - Uploading file of 128671438 bytes in 491 chunks of 262144
2024-12-08 03:43:55,101 - INFO - Отправка архивы: Bed with a soft headboard 7 - Copy (4) - Copy - Copy.zip в топик 4342...
2024-12-08 03:43:55,101 - INFO - Uploading file of 128671438 bytes in 491 chunks of 262144
2024-12-08 03:43:55,101 - INFO - Отправка архивы: Bed with a soft headboard 7 - Copy (4) - Copy.zip в топик 4342...
2024-12-08 03:43:55,101 - INFO - Uploading file of 128671438 bytes in 491 chunks of 262144
2024-12-08 03:44:50,833 - INFO - Файл Bed with a soft headboard 7 - Copy (4) - Copy.zip успешно отправлен в топик 4342. Время отправки: 55.73 секунд.
2024-12-08 03:44:50,833 - INFO - Отправка архивы: Bed with a soft headboard 7 - Copy (4).zip в топик 4342...
2024-12-08 03:44:50,840 - INFO - Uploading file of 128671438 bytes in 491 chunks of 262144
2024-12-08 03:44:50,894 - INFO - Файл Bed with a soft headboard 7 - Copy (10) - Copy - Copy.zip успешно отправлен в топик 4342. Время отправки: 55.85 секунд.
2024-12-08 03:44:50,894 - INFO - Отправка архивы: Bed with a soft headboard 7 - Copy (5) - Copy - Copy - Copy.zip в топик 4342...
2024-12-08 03:44:50,900 - INFO - Uploading file of 128671438 bytes in 491 chunks of 262144
2024-12-08 03:44:50,908 - INFO - Файл Bed with a soft headboard 7 - Copy (14) - Copy - Copy.zip успешно отправлен в топик 4342. Время отправки: 55.84 секунд.
2024-12-08 03:44:50,908 - INFO - Отправка архивы: Bed with a soft headboard 7 - Copy (5) - Copy - Copy.zip в топик 4342...
2024-12-08 03:44:50,908 - INFO - Uploading file of 128671438 bytes in 491 chunks of 262144
2024-12-08 03:44:50,914 - INFO - Файл Bed with a soft headboard 7 - Copy (3).zip успешно отправлен в топик 4342. Время отправки: 55.82 секунд.
2024-12-08 03:44:50,914 - INFO - Отправка архивы: Bed with a soft headboard 7 - Copy (5) - Copy.zip в топик 4342...
2024-12-08 03:44:50,914 - INFO - Uploading file of 128671438 bytes in 491 chunks of 262144
2024-12-08 03:44:50,917 - INFO - Файл Bed with a soft headboard 7 - Copy (12) - Copy - Copy.zip успешно отправлен в топик 4342. Время отправки: 55.85 секунд.
2024-12-08 03:44:50,917 - INFO - Отправка архивы: Bed with a soft headboard 7 - Copy (6) - Copy - Copy - Copy.zip в топик 4342...
2024-12-08 03:44:50,923 - INFO - Uploading file of 128671438 bytes in 491 chunks of 262144
2024-12-08 03:44:51,012 - INFO - Файл Bed with a soft headboard 7 - Copy (3) - Copy - Copy - Copy.zip успешно отправлен в топик 4342. Время отправки: 55.92 секунд.
2024-12-08 03:44:51,012 - INFO - Отправка архивы: Bed with a soft headboard 7 - Copy (6) - Copy - Copy.zip в топик 4342...
2024-12-08 03:44:51,013 - INFO - Uploading file of 128671438 bytes in 491 chunks of 262144
2024-12-08 03:44:51,026 - INFO - Файл Bed with a soft headboard 7 - Copy (2).zip успешно отправлен в топик 4342. Время отправки: 55.94 секунд.
2024-12-08 03:44:51,027 - INFO - Отправка архивы: Bed with a soft headboard 7 - Copy (6) - Copy.zip в топик 4342...
2024-12-08 03:44:51,027 - INFO - Uploading file of 128671438 bytes in 491 chunks of 262144
2024-12-08 03:44:51,108 - INFO - Got difference for account updates
2024-12-08 03:44:51,137 - INFO - Файл Bed with a soft headboard 7 - Copy (3) - Copy - Copy.zip успешно отправлен в топик 4342. Время отправки: 56.04 секунд.
2024-12-08 03:44:51,138 - INFO - Отправка архивы: Bed with a soft headboard 7 - Copy (7) - Copy - Copy - Copy.zip в топик 4342...
2024-12-08 03:44:51,143 - INFO - Uploading file of 128671438 bytes in 491 chunks of 262144
2024-12-08 03:44:51,183 - INFO - Got difference for channel 2338060250 updates
2024-12-08 03:44:51,245 - INFO - Файл Bed with a soft headboard 7 - Copy (3) - Copy.zip успешно отправлен в топик 4342. Время отправки: 56.15 секунд.
2024-12-08 03:44:51,246 - INFO - Отправка архивы: Bed with a soft headboard 7 - Copy (7) - Copy - Copy.zip в топик 4342...
2024-12-08 03:44:51,246 - INFO - Uploading file of 128671438 bytes in 491 chunks of 262144
2024-12-08 03:44:51,309 - INFO - Файл Bed with a soft headboard 7 - Copy (11) - Copy - Copy.zip успешно отправлен в топик 4342. Время отправки: 56.25 секунд.
2024-12-08 03:44:51,309 - INFO - Отправка архивы: Bed with a soft headboard 7 - Copy (7) - Copy.zip в топик 4342...
2024-12-08 03:44:51,309 - INFO - Uploading file of 128671438 bytes in 491 chunks of 262144
2024-12-08 03:44:51,312 - INFO - Got difference for account updates
2024-12-08 03:44:51,320 - INFO - Файл Bed with a soft headboard 7 - Copy (10) - Copy.zip успешно отправлен в топик 4342. Время отправки: 56.27 секунд.
2024-12-08 03:44:51,320 - INFO - Отправка архивы: Bed with a soft headboard 7 - Copy (8) - Copy - Copy - Copy.zip в топик 4342...
2024-12-08 03:44:51,326 - INFO - Uploading file of 128671438 bytes in 491 chunks of 262144
2024-12-08 03:44:51,361 - INFO - Файл Bed with a soft headboard 7 - Copy (2) - Copy - Copy.zip успешно отправлен в топик 4342. Время отправки: 56.27 секунд.
2024-12-08 03:44:51,361 - INFO - Отправка архивы: Bed with a soft headboard 7 - Copy (8) - Copy - Copy.zip в топик 4342...
2024-12-08 03:44:51,361 - INFO - Uploading file of 128671438 bytes in 491 chunks of 262144
2024-12-08 03:44:51,389 - INFO - Got difference for channel 2338060250 updates
2024-12-08 03:44:51,404 - INFO - Файл Bed with a soft headboard 7 - Copy (16) - Copy - Copy.zip успешно отправлен в топик 4342. Время отправки: 56.32 секунд.
2024-12-08 03:44:51,405 - INFO - Отправка архивы: Bed with a soft headboard 7 - Copy (8) - Copy.zip в топик 4342...
2024-12-08 03:44:51,405 - INFO - Uploading file of 128671438 bytes in 491 chunks of 262144
2024-12-08 03:44:51,462 - INFO - Файл Bed with a soft headboard 7 - Copy (11) - Copy.zip успешно отправлен в топик 4342. Время отправки: 56.40 секунд.
2024-12-08 03:44:51,462 - INFO - Отправка архивы: Bed with a soft headboard 7 - Copy (9) - Copy - Copy.zip в топик 4342...
2024-12-08 03:44:51,468 - INFO - Uploading file of 128671438 bytes in 491 chunks of 262144
2024-12-08 03:44:51,514 - INFO - Файл Bed with a soft headboard 7 - Copy (2) - Copy.zip успешно отправлен в топик 4342. Время отправки: 56.42 секунд.
2024-12-08 03:44:51,514 - INFO - Отправка архивы: Bed with a soft headboard 7 - Copy (9) - Copy.zip в топик 4342...
2024-12-08 03:44:51,515 - INFO - Uploading file of 128671438 bytes in 491 chunks of 262144
2024-12-08 03:44:51,517 - INFO - Файл Bed with a soft headboard 7 - Copy (2) - Copy - Copy - Copy.zip успешно отправлен в топик 4342. Время отправки: 56.43 секунд.
2024-12-08 03:44:51,518 - INFO - Отправка архивы: Bed with a soft headboard 7 - Copy - Copy (2).zip в топик 4342...
2024-12-08 03:44:51,523 - INFO - Uploading file of 128671438 bytes in 491 chunks of 262144
2024-12-08 03:44:51,526 - INFO - Файл Bed with a soft headboard 7 - Copy (13) - Copy - Copy.zip успешно отправлен в топик 4342. Время отправки: 56.46 секунд.
2024-12-08 03:44:51,526 - INFO - Отправка архивы: Bed with a soft headboard 7 - Copy - Copy - Copy.zip в топик 4342...
2024-12-08 03:44:51,531 - INFO - Uploading file of 128671438 bytes in 491 chunks of 262144
2024-12-08 03:44:51,534 - INFO - Файл Bed with a soft headboard 7 - Copy (4) - Copy - Copy.zip успешно отправлен в топик 4342. Время отправки: 56.43 секунд.
2024-12-08 03:44:51,534 - INFO - Отправка архивы: Bed with a soft headboard 7 - Copy - Copy.zip в топик 4342...
2024-12-08 03:44:51,534 - INFO - Uploading file of 128671438 bytes in 491 chunks of 262144
2024-12-08 03:44:51,547 - INFO - Got difference for account updates
2024-12-08 03:44:51,561 - INFO - Файл Bed with a soft headboard 7 - Copy (15) - Copy - Copy.zip успешно отправлен в топик 4342. Время отправки: 56.48 секунд.
2024-12-08 03:44:51,561 - INFO - Отправка архивы: Bed with a soft headboard 7 - Copy.zip в топик 4342...
2024-12-08 03:44:51,562 - INFO - Uploading file of 128671438 bytes in 491 chunks of 262144
2024-12-08 03:44:51,564 - INFO - Файл Bed with a soft headboard 7 - Copy (4) - Copy - Copy - Copy.zip успешно отправлен в топик 4342. Время отправки: 56.47 секунд.
2024-12-08 03:44:51,564 - INFO - Отправка архивы: Bed with a soft headboard 7.zip в топик 4342...
2024-12-08 03:44:51,565 - INFO - Uploading file of 128671438 bytes in 491 chunks of 262144
2024-12-08 03:44:51,629 - INFO - Got difference for channel 2338060250 updates
2024-12-08 03:44:51,694 - INFO - Received error without parent request: RpcError(error_code=-500, error_message='Invalid msgs_ack query')
2024-12-08 03:44:51,704 - WARNING - Server response had invalid buffer: Invalid response buffer (HTTP code 429)
2024-12-08 03:44:51,704 - WARNING - Server indicated flood error at transport level: Invalid response buffer (HTTP code 429)
2024-12-08 03:44:51,705 - INFO - Disconnecting from 149.154.167.51:443/TcpFull...
2024-12-08 03:44:51,705 - ERROR - Не удалось отправить файл Bed with a soft headboard 7 - Copy (9) - Copy - Copy.zip: Invalid response buffer (HTTP code 429)
2024-12-08 03:44:51,706 - ERROR - Не удалось отправить файл Bed with a soft headboard 7 - Copy (5) - Copy - Copy - Copy.zip: Invalid response buffer (HTTP code 429)
2024-12-08 03:44:51,706 - ERROR - Не удалось отправить файл Bed with a soft headboard 7 - Copy (7) - Copy - Copy - Copy.zip: Invalid response buffer (HTTP code 429)
2024-12-08 03:44:51,706 - ERROR - Не удалось отправить файл Bed with a soft headboard 7 - Copy (5) - Copy.zip: Invalid response buffer (HTTP code 429)
2024-12-08 03:44:51,706 - ERROR - Не удалось отправить файл Bed with a soft headboard 7 - Copy.zip: Invalid response buffer (HTTP code 429)
2024-12-08 03:44:51,707 - ERROR - Не удалось отправить файл Bed with a soft headboard 7.zip: Invalid response buffer (HTTP code 429)
2024-12-08 03:44:51,707 - ERROR - Не удалось отправить файл Bed with a soft headboard 7 - Copy (8) - Copy.zip: Invalid response buffer (HTTP code 429)
2024-12-08 03:44:51,707 - ERROR - Не удалось отправить файл Bed with a soft headboard 7 - Copy (7) - Copy.zip: Invalid response buffer (HTTP code 429)
2024-12-08 03:44:51,707 - ERROR - Не удалось отправить файл Bed with a soft headboard 7 - Copy (4).zip: Invalid response buffer (HTTP code 429)
2024-12-08 03:44:51,707 - ERROR - Не удалось отправить файл Bed with a soft headboard 7 - Copy (8) - Copy - Copy - Copy.zip: Invalid response buffer (HTTP code 429)
2024-12-08 03:44:51,708 - ERROR - Не удалось отправить файл Bed with a soft headboard 7 - Copy (5) - Copy - Copy.zip: Invalid response buffer (HTTP code 429)
2024-12-08 03:44:51,708 - ERROR - Не удалось отправить файл Bed with a soft headboard 7 - Copy (8) - Copy - Copy.zip: Invalid response buffer (HTTP code 429)
2024-12-08 03:44:51,708 - ERROR - Не удалось отправить файл Bed with a soft headboard 7 - Copy (9) - Copy.zip: Invalid response buffer (HTTP code 429)
2024-12-08 03:44:51,708 - ERROR - Не удалось отправить файл Bed with a soft headboard 7 - Copy (6) - Copy.zip: Invalid response buffer (HTTP code 429)
2024-12-08 03:44:51,708 - ERROR - Не удалось отправить файл Bed with a soft headboard 7 - Copy (6) - Copy - Copy.zip: Invalid response buffer (HTTP code 429)
2024-12-08 03:44:51,708 - ERROR - Не удалось отправить файл Bed with a soft headboard 7 - Copy (7) - Copy - Copy.zip: Invalid response buffer (HTTP code 429)
2024-12-08 03:44:51,708 - ERROR - Не удалось отправить файл Bed with a soft headboard 7 - Copy (6) - Copy - Copy - Copy.zip: Invalid response buffer (HTTP code 429)
2024-12-08 03:44:51,709 - ERROR - Не удалось отправить файл Bed with a soft headboard 7 - Copy - Copy (2).zip: Invalid response buffer (HTTP code 429)
2024-12-08 03:44:51,709 - ERROR - Не удалось отправить файл Bed with a soft headboard 7 - Copy - Copy - Copy.zip: Invalid response buffer (HTTP code 429)
2024-12-08 03:44:51,709 - ERROR - Не удалось отправить файл Bed with a soft headboard 7 - Copy - Copy.zip: Invalid response buffer (HTTP code 429)
2024-12-08 03:44:51,709 - INFO - Начинается загрузка изображений...
2024-12-08 03:44:51,709 - INFO - Все файлы успешно обработаны. Завершаем работу клиента Telegram...
2024-12-08 03:44:51,709 - INFO - Disconnection from 149.154.167.51:443/TcpFull complete!
2024-12-08 03:44:51,709 - INFO - Not disconnecting (already have no connection)
2024-12-08 03:44:51,713 - INFO - Клиент Telegram успешно отключен.
