2024-12-07 20:48:31,423 - INFO - Connecting to 149.154.167.51:443/TcpFull...
2024-12-07 20:48:31,495 - INFO - Connection to 149.154.167.51:443/TcpFull complete!
2024-12-07 20:48:32,722 - INFO - Отправка файла: SS_WEB_SET_GALLERY_10_2000x.webp в топик 4342...
2024-12-07 20:48:32,723 - INFO - Uploading file of 83338 bytes in 1 chunks of 131072
2024-12-07 20:48:33,358 - INFO - Файл SS_WEB_SET_GALLERY_10_2000x.webp успешно отправлен в топик 4342.
2024-12-07 20:48:33,358 - INFO - Отправка файла: SS_WEB_SET_GALLERY_11_2000x.webp в топик 4342...
2024-12-07 20:48:33,359 - INFO - Uploading file of 126730 bytes in 1 chunks of 131072
2024-12-07 20:48:33,942 - INFO - Файл SS_WEB_SET_GALLERY_11_2000x.webp успешно отправлен в топик 4342.
2024-12-07 20:48:33,942 - INFO - Отправка файла: SS_WEB_SET_GALLERY_12_2000x.webp в топик 4342...
2024-12-07 20:48:33,942 - INFO - Uploading file of 95692 bytes in 1 chunks of 131072
2024-12-07 20:48:34,307 - INFO - Got difference for account updates
2024-12-07 20:48:34,433 - INFO - Файл SS_WEB_SET_GALLERY_12_2000x.webp успешно отправлен в топик 4342.
2024-12-07 20:48:34,433 - INFO - Отправка файла: SS_WEB_SET_GALLERY_13_2000x.webp в топик 4342...
2024-12-07 20:48:34,434 - INFO - Uploading file of 37710 bytes in 1 chunks of 131072
2024-12-07 20:48:34,803 - INFO - Файл SS_WEB_SET_GALLERY_13_2000x.webp успешно отправлен в топик 4342.
2024-12-07 20:48:34,803 - INFO - Отправка файла: SS_WEB_SET_GALLERY_14_2000x.webp в топик 4342...
2024-12-07 20:48:34,803 - INFO - Uploading file of 87280 bytes in 1 chunks of 131072
2024-12-07 20:48:35,011 - INFO - Got difference for account updates
2024-12-07 20:48:35,221 - INFO - Файл SS_WEB_SET_GALLERY_14_2000x.webp успешно отправлен в топик 4342.
2024-12-07 20:48:35,222 - INFO - Отправка файла: SS_WEB_SET_GALLERY_15_2000x.webp в топик 4342...
2024-12-07 20:48:35,223 - INFO - Uploading file of 187462 bytes in 2 chunks of 131072
2024-12-07 20:48:35,923 - INFO - Файл SS_WEB_SET_GALLERY_15_2000x.webp успешно отправлен в топик 4342.
2024-12-07 20:48:35,923 - INFO - Отправка файла: SS_WEB_SET_GALLERY_16_2000x.webp в топик 4342...
2024-12-07 20:48:35,923 - INFO - Uploading file of 356460 bytes in 3 chunks of 131072
2024-12-07 20:48:36,341 - INFO - Got difference for account updates
2024-12-07 20:48:36,879 - INFO - Файл SS_WEB_SET_GALLERY_16_2000x.webp успешно отправлен в топик 4342.
2024-12-07 20:48:36,880 - INFO - Отправка файла: SS_WEB_SET_GALLERY_17_2000x.webp в топик 4342...
2024-12-07 20:48:36,881 - INFO - Uploading file of 186148 bytes in 2 chunks of 131072
2024-12-07 20:48:37,592 - INFO - Файл SS_WEB_SET_GALLERY_17_2000x.webp успешно отправлен в топик 4342.
2024-12-07 20:48:37,592 - INFO - Отправка файла: SS_WEB_SET_GALLERY_18_2000x.webp в топик 4342...
2024-12-07 20:48:37,593 - INFO - Uploading file of 104116 bytes in 1 chunks of 131072
2024-12-07 20:48:37,906 - INFO - Got difference for account updates
2024-12-07 20:48:38,117 - INFO - Файл SS_WEB_SET_GALLERY_18_2000x.webp успешно отправлен в топик 4342.
2024-12-07 20:48:38,117 - INFO - Отправка файла: SS_WEB_SET_GALLERY_19_2000x.webp в топик 4342...
2024-12-07 20:48:38,117 - INFO - Uploading file of 189462 bytes in 2 chunks of 131072
2024-12-07 20:48:38,797 - INFO - Файл SS_WEB_SET_GALLERY_19_2000x.webp успешно отправлен в топик 4342.
2024-12-07 20:48:38,798 - INFO - Отправка файла: SS_WEB_SET_GALLERY_1_2000x.webp в топик 4342...
2024-12-07 20:48:38,799 - INFO - Uploading file of 312926 bytes in 3 chunks of 131072
2024-12-07 20:48:39,248 - INFO - Got difference for account updates
2024-12-07 20:48:39,814 - INFO - Файл SS_WEB_SET_GALLERY_1_2000x.webp успешно отправлен в топик 4342.
2024-12-07 20:48:39,815 - INFO - Отправка файла: SS_WEB_SET_GALLERY_20_2000x.webp в топик 4342...
2024-12-07 20:48:39,815 - INFO - Uploading file of 139418 bytes in 2 chunks of 131072
2024-12-07 20:48:40,404 - INFO - Файл SS_WEB_SET_GALLERY_20_2000x.webp успешно отправлен в топик 4342.
2024-12-07 20:48:40,405 - INFO - Отправка файла: SS_WEB_SET_GALLERY_22_1780x.webp в топик 4342...
2024-12-07 20:48:40,406 - INFO - Uploading file of 99672 bytes in 1 chunks of 131072
2024-12-07 20:48:40,654 - INFO - Got difference for account updates
2024-12-07 20:48:40,879 - INFO - Файл SS_WEB_SET_GALLERY_22_1780x.webp успешно отправлен в топик 4342.
2024-12-07 20:48:40,880 - INFO - Отправка файла: SS_WEB_SET_GALLERY_23_2000x.webp в топик 4342...
2024-12-07 20:48:40,881 - INFO - Uploading file of 68736 bytes in 1 chunks of 131072
2024-12-07 20:48:41,336 - INFO - Файл SS_WEB_SET_GALLERY_23_2000x.webp успешно отправлен в топик 4342.
2024-12-07 20:48:41,337 - INFO - Отправка файла: SS_WEB_SET_GALLERY_24_2000x.webp в топик 4342...
2024-12-07 20:48:41,338 - INFO - Uploading file of 117800 bytes in 1 chunks of 131072
2024-12-07 20:48:41,626 - INFO - Got difference for account updates
2024-12-07 20:48:41,906 - INFO - Файл SS_WEB_SET_GALLERY_24_2000x.webp успешно отправлен в топик 4342.
2024-12-07 20:48:41,907 - INFO - Отправка файла: SS_WEB_SET_GALLERY_25_2000x.webp в топик 4342...
2024-12-07 20:48:41,908 - INFO - Uploading file of 155124 bytes in 2 chunks of 131072
2024-12-07 20:48:42,874 - INFO - Файл SS_WEB_SET_GALLERY_25_2000x.webp успешно отправлен в топик 4342.
2024-12-07 20:48:42,875 - INFO - Отправка файла: SS_WEB_SET_GALLERY_26_2000x.webp в топик 4342...
2024-12-07 20:48:42,876 - INFO - Uploading file of 112876 bytes in 1 chunks of 131072
2024-12-07 20:48:43,175 - INFO - Got difference for account updates
2024-12-07 20:48:43,420 - INFO - Файл SS_WEB_SET_GALLERY_26_2000x.webp успешно отправлен в топик 4342.
2024-12-07 20:48:43,421 - INFO - Отправка файла: SS_WEB_SET_GALLERY_2_2000x.webp в топик 4342...
2024-12-07 20:48:43,422 - INFO - Uploading file of 139804 bytes in 2 chunks of 131072
2024-12-07 20:48:44,031 - INFO - Файл SS_WEB_SET_GALLERY_2_2000x.webp успешно отправлен в топик 4342.
2024-12-07 20:48:44,031 - INFO - Отправка файла: SS_WEB_SET_GALLERY_3_2000x.webp в топик 4342...
2024-12-07 20:48:44,032 - INFO - Uploading file of 72802 bytes in 1 chunks of 131072
2024-12-07 20:48:44,347 - INFO - Got difference for account updates
2024-12-07 20:48:44,466 - INFO - Файл SS_WEB_SET_GALLERY_3_2000x.webp успешно отправлен в топик 4342.
2024-12-07 20:48:44,467 - INFO - Отправка файла: SS_WEB_SET_GALLERY_4_2000x.webp в топик 4342...
2024-12-07 20:48:44,468 - INFO - Uploading file of 96554 bytes in 1 chunks of 131072
2024-12-07 20:48:44,923 - INFO - Файл SS_WEB_SET_GALLERY_4_2000x.webp успешно отправлен в топик 4342.
2024-12-07 20:48:44,924 - INFO - Отправка файла: SS_WEB_SET_GALLERY_5_2000x.webp в топик 4342...
2024-12-07 20:48:44,925 - INFO - Uploading file of 45134 bytes in 1 chunks of 131072
2024-12-07 20:48:45,164 - INFO - Got difference for account updates
2024-12-07 20:48:45,340 - INFO - Файл SS_WEB_SET_GALLERY_5_2000x.webp успешно отправлен в топик 4342.
2024-12-07 20:48:45,340 - INFO - Отправка файла: SS_WEB_SET_GALLERY_6_2000x.webp в топик 4342...
2024-12-07 20:48:45,341 - INFO - Uploading file of 118568 bytes in 1 chunks of 131072
2024-12-07 20:48:45,853 - INFO - Файл SS_WEB_SET_GALLERY_6_2000x.webp успешно отправлен в топик 4342.
2024-12-07 20:48:45,853 - INFO - Отправка файла: SS_WEB_SET_GALLERY_7_2000x.webp в топик 4342...
2024-12-07 20:48:45,854 - INFO - Uploading file of 104494 bytes in 1 chunks of 131072
2024-12-07 20:48:46,102 - INFO - Got difference for account updates
2024-12-07 20:48:46,313 - INFO - Файл SS_WEB_SET_GALLERY_7_2000x.webp успешно отправлен в топик 4342.
2024-12-07 20:48:46,314 - INFO - Отправка файла: SS_WEB_SET_GALLERY_8_2000x.webp в топик 4342...
2024-12-07 20:48:46,316 - INFO - Uploading file of 283246 bytes in 3 chunks of 131072
2024-12-07 20:48:47,212 - INFO - Файл SS_WEB_SET_GALLERY_8_2000x.webp успешно отправлен в топик 4342.
2024-12-07 20:48:47,213 - INFO - Отправка файла: SS_WEB_SET_GALLERY_9_2000x.webp в топик 4342...
2024-12-07 20:48:47,213 - INFO - Uploading file of 62102 bytes in 1 chunks of 131072
2024-12-07 20:48:47,437 - INFO - Got difference for account updates
2024-12-07 20:48:47,688 - INFO - Файл SS_WEB_SET_GALLERY_9_2000x.webp успешно отправлен в топик 4342.
2024-12-07 20:48:47,688 - INFO - Disconnecting from 149.154.167.51:443/TcpFull...
2024-12-07 20:48:47,690 - INFO - Disconnection from 149.154.167.51:443/TcpFull complete!
