2024-12-08 02:58:36,987 - INFO - Инициализация клиента Telegram...
2024-12-08 02:58:36,987 - INFO - Connecting to 149.154.167.51:443/TcpFull...
2024-12-08 02:58:37,065 - INFO - Connection to 149.154.167.51:443/TcpFull complete!
2024-12-08 02:58:37,536 - INFO - Клиент Telegram успешно запущен.
2024-12-08 02:58:37,538 - INFO - Найдено 10 архивов и 0 изображений для загрузки.
2024-12-08 02:58:37,538 - INFO - Начинается загрузка архивов...
2024-12-08 02:58:37,540 - INFO - Отправка архивы: Bed with a soft headboard 7 - Copy (2) - Copy.zip в топик 4342...
2024-12-08 02:58:37,554 - INFO - Uploading file of 128671438 bytes in 491 chunks of 262144
2024-12-08 02:58:37,555 - INFO - Отправка архивы: Bed with a soft headboard 7 - Copy (2).zip в топик 4342...
2024-12-08 02:58:37,555 - INFO - Uploading file of 128671438 bytes in 491 chunks of 262144
2024-12-08 02:58:37,556 - INFO - Отправка архивы: Bed with a soft headboard 7 - Copy (3) - Copy.zip в топик 4342...
2024-12-08 02:58:37,560 - INFO - Uploading file of 128671438 bytes in 491 chunks of 262144
2024-12-08 02:58:37,561 - INFO - Отправка архивы: Bed with a soft headboard 7 - Copy (4) - Copy.zip в топик 4342...
2024-12-08 02:58:37,565 - INFO - Uploading file of 128671438 bytes in 491 chunks of 262144
2024-12-08 02:58:37,566 - INFO - Отправка архивы: Bed with a soft headboard 7 - Copy (5) - Copy.zip в топик 4342...
2024-12-08 02:58:37,570 - INFO - Uploading file of 128671438 bytes in 491 chunks of 262144
2024-12-08 02:58:37,570 - INFO - Отправка архивы: Bed with a soft headboard 7 - Copy (6) - Copy.zip в топик 4342...
2024-12-08 02:58:37,575 - INFO - Uploading file of 128671438 bytes in 491 chunks of 262144
2024-12-08 02:58:37,575 - INFO - Отправка архивы: Bed with a soft headboard 7 - Copy (7) - Copy.zip в топик 4342...
2024-12-08 02:58:37,579 - INFO - Uploading file of 128671438 bytes in 491 chunks of 262144
2024-12-08 02:58:37,580 - INFO - Отправка архивы: Bed with a soft headboard 7 - Copy (8) - Copy.zip в топик 4342...
2024-12-08 02:58:37,584 - INFO - Uploading file of 128671438 bytes in 491 chunks of 262144
2024-12-08 02:58:37,584 - INFO - Отправка архивы: Bed with a soft headboard 7 - Copy.zip в топик 4342...
2024-12-08 02:58:37,584 - INFO - Uploading file of 128671438 bytes in 491 chunks of 262144
2024-12-08 02:58:37,584 - INFO - Отправка архивы: Bed with a soft headboard 7.zip в топик 4342...
2024-12-08 02:58:37,585 - INFO - Uploading file of 128671438 bytes in 491 chunks of 262144
2024-12-08 02:59:34,244 - INFO - Файл Bed with a soft headboard 7 - Copy (7) - Copy.zip успешно отправлен в топик 4342. Время отправки: 56.67 секунд.
2024-12-08 02:59:34,366 - INFO - Файл Bed with a soft headboard 7 - Copy (2) - Copy.zip успешно отправлен в топик 4342. Время отправки: 56.83 секунд.
2024-12-08 02:59:34,459 - INFO - Файл Bed with a soft headboard 7 - Copy (3) - Copy.zip успешно отправлен в топик 4342. Время отправки: 56.90 секунд.
2024-12-08 02:59:34,555 - INFO - Файл Bed with a soft headboard 7 - Copy (8) - Copy.zip успешно отправлен в топик 4342. Время отправки: 56.98 секунд.
2024-12-08 02:59:34,625 - INFO - Got difference for account updates
2024-12-08 02:59:34,714 - INFO - Файл Bed with a soft headboard 7 - Copy.zip успешно отправлен в топик 4342. Время отправки: 57.13 секунд.
2024-12-08 02:59:34,728 - INFO - Файл Bed with a soft headboard 7 - Copy (4) - Copy.zip успешно отправлен в топик 4342. Время отправки: 57.17 секунд.
2024-12-08 02:59:34,815 - INFO - Файл Bed with a soft headboard 7 - Copy (6) - Copy.zip успешно отправлен в топик 4342. Время отправки: 57.24 секунд.
2024-12-08 02:59:34,846 - INFO - Got difference for channel 2338060250 updates
2024-12-08 02:59:34,922 - INFO - Файл Bed with a soft headboard 7.zip успешно отправлен в топик 4342. Время отправки: 57.34 секунд.
2024-12-08 02:59:34,931 - INFO - Got difference for account updates
2024-12-08 02:59:35,027 - INFO - Файл Bed with a soft headboard 7 - Copy (5) - Copy.zip успешно отправлен в топик 4342. Время отправки: 57.46 секунд.
2024-12-08 02:59:35,048 - INFO - Got difference for channel 2338060250 updates
2024-12-08 02:59:35,167 - INFO - Got difference for account updates
2024-12-08 02:59:35,410 - INFO - Файл Bed with a soft headboard 7 - Copy (2).zip успешно отправлен в топик 4342. Время отправки: 57.86 секунд.
2024-12-08 02:59:35,411 - INFO - Начинается загрузка изображений...
2024-12-08 02:59:35,411 - INFO - Все файлы успешно обработаны. Завершаем работу клиента Telegram...
2024-12-08 02:59:35,411 - INFO - Disconnecting from 149.154.167.51:443/TcpFull...
2024-12-08 02:59:35,412 - INFO - Disconnection from 149.154.167.51:443/TcpFull complete!
2024-12-08 02:59:35,416 - INFO - Клиент Telegram успешно отключен.
